[INFO] Scanning for projects...
[INFO] 
[INFO] -------------< com.daniphord.mahanga:pdf-dashboard-system >-------------
[INFO] Building PDF Dashboard System 1.0.0
[INFO]   from pom.xml
[INFO] --------------------------------[ jar ]---------------------------------
[INFO] 
[INFO] >>> spring-boot:3.2.5:run (default-cli) > test-compile @ pdf-dashboard-system >>>
[WARNING] The artifact com.itextpdf:itext7-core:pom:8.0.2 has been relocated to com.itextpdf:itext-core:pom:8.0.2
[INFO] 
[INFO] --- resources:3.3.1:resources (default-resources) @ pdf-dashboard-system ---
[INFO] Copying 1 resource from src\main\resources to target\classes
[INFO] Copying 16 resources from src\main\resources to target\classes
[INFO] 
[INFO] --- compiler:3.10.1:compile (default-compile) @ pdf-dashboard-system ---
[INFO] Nothing to compile - all classes are up to date
[INFO] 
[INFO] --- resources:3.3.1:testResources (default-testResources) @ pdf-dashboard-system ---
[INFO] skip non existing resourceDirectory C:\PROJECT\operation\src\test\resources
[INFO] 
[INFO] --- compiler:3.10.1:testCompile (default-testCompile) @ pdf-dashboard-system ---
[INFO] Changes detected - recompiling the module!
[INFO] Compiling 3 source files to C:\PROJECT\operation\target\test-classes
[INFO] 
[INFO] <<< spring-boot:3.2.5:run (default-cli) < test-compile @ pdf-dashboard-system <<<
[INFO] 
[INFO] 
[INFO] --- spring-boot:3.2.5:run (default-cli) @ pdf-dashboard-system ---
[INFO] Attaching agents: []

  .   ____          _            __ _ _
 /\\ / ___'_ __ _ _(_)_ __  __ _ \ \ \ \
( ( )\___ | '_ | '_| | '_ \/ _` | \ \ \ \
 \\/  ___)| |_)| | | | | || (_| |  ) ) ) )
  '  |____| .__|_| |_|_| |_\__, | / / / /
 =========|_|==============|___/=/_/_/_/
 :: Spring Boot ::                (v3.2.5)

2026-04-07 11:19:30 - com.daniphord.mahanga.Application - Starting Application using Java 25.0.2 with PID 5092 (C:\PROJECT\operation\target\classes started by KINJEKITILE NGWALE in C:\PROJECT\operation)
2026-04-07 11:19:30 - com.daniphord.mahanga.Application - Running with Spring Boot v3.2.5, Spring v6.1.6
2026-04-07 11:19:30 - com.daniphord.mahanga.Application - No active profile set, falling back to 1 default profile: "default"
2026-04-07 11:19:33 - o.s.d.r.c.RepositoryConfigurationDelegate - Bootstrapping Spring Data JPA repositories in DEFAULT mode.
2026-04-07 11:19:33 - o.s.d.r.c.RepositoryConfigurationDelegate - Finished Spring Data repository scanning in 388 ms. Found 23 JPA repository interfaces.
WARNING: A restricted method in java.lang.System has been called
WARNING: java.lang.System::load has been called by org.apache.tomcat.jni.Library in an unnamed module (file:/C:/Users/KINJEKITILE%20NGWALE/.m2/repository/org/apache/tomcat/embed/tomcat-embed-core/10.1.20/tomcat-embed-core-10.1.20.jar)
WARNING: Use --enable-native-access=ALL-UNNAMED to avoid a warning for callers in this module
WARNING: Restricted methods will be blocked in a future release unless native access is enabled

2026-04-07 11:19:36 - o.s.b.w.e.tomcat.TomcatWebServer - Tomcat initialized with port 1111 (http)
2026-04-07 11:19:36 - o.a.catalina.core.StandardService - Starting service [Tomcat]
2026-04-07 11:19:36 - o.a.catalina.core.StandardEngine - Starting Servlet engine: [Apache Tomcat/10.1.20]
2026-04-07 11:19:36 - o.a.c.c.C.[Tomcat].[localhost].[/] - Initializing Spring embedded WebApplicationContext
2026-04-07 11:19:36 - o.s.b.w.s.c.ServletWebServerApplicationContext - Root WebApplicationContext: initialization completed in 5529 ms
2026-04-07 11:19:36 - com.zaxxer.hikari.HikariDataSource - HikariPool-1 - Starting...
2026-04-07 11:19:37 - com.zaxxer.hikari.pool.HikariPool - HikariPool-1 - Added connection conn0: url=jdbc:h2:mem:froms user=SA
2026-04-07 11:19:37 - com.zaxxer.hikari.HikariDataSource - HikariPool-1 - Start completed.
2026-04-07 11:19:37 - o.s.b.a.h.H2ConsoleAutoConfiguration - H2 console available at '/h2-console'. Database available at 'jdbc:h2:mem:froms'
2026-04-07 11:19:37 - c.d.mahanga.Config.SecurityConfig$1 - Filter 'sessionAuthenticationFilter' configured for use
2026-04-07 11:19:37 - o.h.jpa.internal.util.LogHelper - HHH000204: Processing PersistenceUnitInfo [name: default]
2026-04-07 11:19:38 - org.hibernate.Version - HHH000412: Hibernate ORM core version 6.4.4.Final
2026-04-07 11:19:38 - o.h.c.i.RegionFactoryInitiator - HHH000026: Second-level cache disabled
2026-04-07 11:19:38 - o.s.o.j.p.SpringPersistenceUnitInfo - No LoadTimeWeaver setup: ignoring JPA class transformer
2026-04-07 11:19:42 - o.h.e.t.j.p.i.JtaPlatformInitiator - HHH000489: No JTA platform available (set 'hibernate.transaction.jta.platform' to enable JTA platform integration)
2026-04-07 11:19:43 - o.s.o.j.LocalContainerEntityManagerFactoryBean - Initialized JPA EntityManagerFactory for persistence unit 'default'
2026-04-07 11:19:45 - o.s.b.a.o.j.JpaBaseConfiguration$JpaWebConfiguration - spring.jpa.open-in-view is enabled by default. Therefore, database queries may be performed during view rendering. Explicitly configure spring.jpa.open-in-view to disable this warning
2026-04-07 11:19:45 - o.s.b.a.s.s.UserDetailsServiceAutoConfiguration - 

Using generated security password: abb822c9-7cc3-4ec2-95c7-3a342a43ce52

This generated password is for development use only. Your security configuration must be updated before running your application in production.

2026-04-07 11:19:46 - o.s.s.web.DefaultSecurityFilterChain - Will secure any request with [org.springframework.security.web.session.DisableEncodeUrlFilter@d45acab, org.springframework.security.web.context.request.async.WebAsyncManagerIntegrationFilter@2778a7c3, org.springframework.security.web.context.SecurityContextHolderFilter@3e1c566d, org.springframework.security.web.header.HeaderWriterFilter@53741683, org.springframework.web.filter.CorsFilter@94ba90a, org.springframework.security.web.csrf.CsrfFilter@267a0b6a, org.springframework.security.web.authentication.logout.LogoutFilter@a49cdd6, com.daniphord.mahanga.Config.SecurityConfig$1@459003a0, org.springframework.security.web.session.ConcurrentSessionFilter@7b381066, org.springframework.security.web.savedrequest.RequestCacheAwareFilter@3d287f7c, org.springframework.security.web.servletapi.SecurityContextHolderAwareRequestFilter@45aa02de, org.springframework.security.web.authentication.AnonymousAuthenticationFilter@643947d1, org.springframework.security.web.session.SessionManagementFilter@52b7a3e1, org.springframework.security.web.access.ExceptionTranslationFilter@528070fe, org.springframework.security.web.access.intercept.AuthorizationFilter@5c088d72]
2026-04-07 11:19:47 - o.s.b.w.e.tomcat.TomcatWebServer - Tomcat started on port 1111 (http) with context path ''
2026-04-07 11:19:47 - com.daniphord.mahanga.Application - Started Application in 17.918 seconds (process running for 19.215)
2026-04-07 11:19:48 - c.d.mahanga.Config.FromsBootstrap - Bootstrapped baseline FROMS geography and stations
2026-04-07 11:19:50 - c.d.mahanga.Config.DataBootstrap - Seeded default FROMS command account: username=cgf.command, role=CGF. Change the password immediately.
2026-04-07 11:19:50 - c.d.mahanga.Config.DataBootstrap - Seeded default FROMS command account: username=ops.command, role=COMMISSIONER_OPERATIONS. Change the password immediately.
2026-04-07 11:19:51 - c.d.mahanga.Config.DataBootstrap - Seeded default FROMS command account: username=fihod.command, role=FIRE_INVESTIGATION_HOD. Change the password immediately.
2026-04-07 11:19:52 - c.d.mahanga.Config.DataBootstrap - Seeded default FROMS command account: username=tele.support, role=TELE_SUPPORT_PERSONNEL. Change the password immediately.
2026-04-07 11:19:52 - c.d.mahanga.Config.DataBootstrap - Seeded default FROMS command account: username=branding.admin, role=ADMIN. Change the password immediately.
2026-04-07 11:19:53 - c.d.mahanga.Config.DataBootstrap - Seeded default FROMS command account: username=Mahanga, role=SUPER_ADMIN. Change the password immediately.
2026-04-07 11:19:54 - c.d.mahanga.Config.DataBootstrap - Seeded scoped FROMS account: username=rfo.dodoma, role=REGIONAL_FIRE_OFFICER. Change the password immediately.
2026-04-07 11:19:54 - c.d.mahanga.Config.DataBootstrap - Seeded scoped FROMS account: username=rio.dodoma, role=REGIONAL_INVESTIGATION_OFFICER. Change the password immediately.
2026-04-07 11:19:55 - c.d.mahanga.Config.DataBootstrap - Seeded scoped FROMS account: username=dfo.dodoma, role=DISTRICT_FIRE_OFFICER. Change the password immediately.
2026-04-07 11:19:56 - o.a.c.c.C.[Tomcat].[localhost].[/] - Initializing Spring DispatcherServlet 'dispatcherServlet'
2026-04-07 11:19:56 - o.s.web.servlet.DispatcherServlet - Initializing Servlet 'dispatcherServlet'
2026-04-07 11:19:56 - o.s.web.servlet.DispatcherServlet - Completed initialization in 3 ms
2026-04-07 11:19:56 - o.s.security.web.FilterChainProxy - Securing GET /login
2026-04-07 11:19:56 - o.s.s.w.a.AnonymousAuthenticationFilter - Set SecurityContextHolder to anonymous SecurityContext
2026-04-07 11:19:56 - o.s.security.web.FilterChainProxy - Secured GET /login
2026-04-07 11:19:56 - c.d.mahanga.Config.DataBootstrap - Seeded scoped FROMS account: username=dio.dodoma, role=DISTRICT_INVESTIGATION_OFFICER. Change the password immediately.
2026-04-07 11:19:56 - c.d.m.Config.DatabaseStartupCheck - Database connection OK: url=jdbc:h2:mem:froms, user=SA
2026-04-07 11:19:57 - o.s.security.web.FilterChainProxy - Securing POST /login
2026-04-07 11:19:57 - o.s.s.w.a.AnonymousAuthenticationFilter - Set SecurityContextHolder to anonymous SecurityContext
2026-04-07 11:19:57 - o.s.security.web.FilterChainProxy - Secured POST /login
2026-04-07 11:19:57 - o.s.security.web.FilterChainProxy - Securing GET /dashboard
2026-04-07 11:19:57 - o.s.s.w.a.s.ChangeSessionIdAuthenticationStrategy - Changed session id from 1CB70D287B3BA8698938BD33A3C94A73
2026-04-07 11:19:57 - o.s.s.c.session.SessionRegistryImpl - Registering session BBF5B8F67D1C549FF231F9ECE852C6D1, for principal Mahanga
2026-04-07 11:19:57 - o.s.s.w.c.CsrfAuthenticationStrategy - Replaced CSRF Token
2026-04-07 11:19:57 - o.s.s.w.c.HttpSessionSecurityContextRepository - Stored SecurityContextImpl [Authentication=UsernamePasswordAuthenticationToken [Principal=Mahanga, Credentials=[PROTECTED], Authenticated=true, Details=null, Granted Authorities=[ROLE_SUPER_ADMIN]]] to HttpSession [org.apache.catalina.session.StandardSessionFacade@4328e18e]
2026-04-07 11:19:57 - o.s.security.web.FilterChainProxy - Secured GET /dashboard
2026-04-07 11:19:59 - o.s.security.web.FilterChainProxy - Securing POST /api/system-tests/run
2026-04-07 11:19:59 - o.s.s.w.c.HttpSessionSecurityContextRepository - Retrieved SecurityContextImpl [Authentication=UsernamePasswordAuthenticationToken [Principal=Mahanga, Credentials=[PROTECTED], Authenticated=true, Details=null, Granted Authorities=[ROLE_SUPER_ADMIN]]]
2026-04-07 11:19:59 - o.s.security.web.FilterChainProxy - Secured POST /api/system-tests/run
2026-04-07 11:19:59 - o.s.security.web.FilterChainProxy - Securing GET /login
2026-04-07 11:19:59 - o.s.s.w.a.AnonymousAuthenticationFilter - Set SecurityContextHolder to anonymous SecurityContext
2026-04-07 11:19:59 - o.s.security.web.FilterChainProxy - Secured GET /login
2026-04-07 11:19:59 - o.s.security.web.FilterChainProxy - Securing GET /public/emergency/report
2026-04-07 11:19:59 - o.s.s.w.a.AnonymousAuthenticationFilter - Set SecurityContextHolder to anonymous SecurityContext
2026-04-07 11:19:59 - o.s.security.web.FilterChainProxy - Secured GET /public/emergency/report
2026-04-07 11:20:31 - o.s.security.web.FilterChainProxy - Securing GET /login
2026-04-07 11:20:31 - o.s.s.w.a.AnonymousAuthenticationFilter - Set SecurityContextHolder to anonymous SecurityContext
2026-04-07 11:20:31 - o.s.security.web.FilterChainProxy - Secured GET /login
2026-04-07 11:20:31 - o.s.security.web.FilterChainProxy - Securing POST /login
2026-04-07 11:20:31 - o.s.s.w.a.AnonymousAuthenticationFilter - Set SecurityContextHolder to anonymous SecurityContext
2026-04-07 11:20:31 - o.s.security.web.FilterChainProxy - Secured POST /login
2026-04-07 11:20:32 - o.s.security.web.FilterChainProxy - Securing GET /dashboard
2026-04-07 11:20:32 - o.s.s.w.a.s.ChangeSessionIdAuthenticationStrategy - Changed session id from A124A2CCF8DA3CD20A8A9DAEE54FF8EF
2026-04-07 11:20:32 - o.s.s.c.session.SessionRegistryImpl - Registering session 076A288283F55EB85146194DB4C15EBB, for principal Mahanga
2026-04-07 11:20:32 - o.s.s.w.c.CsrfAuthenticationStrategy - Replaced CSRF Token
2026-04-07 11:20:32 - o.s.s.w.c.HttpSessionSecurityContextRepository - Stored SecurityContextImpl [Authentication=UsernamePasswordAuthenticationToken [Principal=Mahanga, Credentials=[PROTECTED], Authenticated=true, Details=null, Granted Authorities=[ROLE_SUPER_ADMIN]]] to HttpSession [org.apache.catalina.session.StandardSessionFacade@72893d44]
2026-04-07 11:20:32 - o.s.security.web.FilterChainProxy - Secured GET /dashboard
2026-04-07 11:20:32 - o.s.security.web.FilterChainProxy - Securing GET /api/system-tests/1/pdf?lang=en
2026-04-07 11:20:32 - o.s.s.w.c.HttpSessionSecurityContextRepository - Retrieved SecurityContextImpl [Authentication=UsernamePasswordAuthenticationToken [Principal=Mahanga, Credentials=[PROTECTED], Authenticated=true, Details=null, Granted Authorities=[ROLE_SUPER_ADMIN]]]
2026-04-07 11:20:32 - o.s.security.web.FilterChainProxy - Secured GET /api/system-tests/1/pdf?lang=en
2026-04-07 11:20:34 - o.s.security.web.FilterChainProxy - Securing GET /api/admin/documents/system-architecture/pdf?lang=en
2026-04-07 11:20:34 - o.s.s.w.c.HttpSessionSecurityContextRepository - Retrieved SecurityContextImpl [Authentication=UsernamePasswordAuthenticationToken [Principal=Mahanga, Credentials=[PROTECTED], Authenticated=true, Details=null, Granted Authorities=[ROLE_SUPER_ADMIN]]]
2026-04-07 11:20:34 - o.s.security.web.FilterChainProxy - Secured GET /api/admin/documents/system-architecture/pdf?lang=en
2026-04-07 11:20:35 - o.s.security.web.FilterChainProxy - Securing GET /api/reports/user-manual/pdf?lang=en
2026-04-07 11:20:35 - o.s.s.w.c.HttpSessionSecurityContextRepository - Retrieved SecurityContextImpl [Authentication=UsernamePasswordAuthenticationToken [Principal=Mahanga, Credentials=[PROTECTED], Authenticated=true, Details=null, Granted Authorities=[ROLE_SUPER_ADMIN]]]
2026-04-07 11:20:35 - o.s.security.web.FilterChainProxy - Secured GET /api/reports/user-manual/pdf?lang=en
2026-04-07 11:21:03 - o.s.security.web.FilterChainProxy - Securing GET /login
2026-04-07 11:21:03 - o.s.s.w.a.AnonymousAuthenticationFilter - Set SecurityContextHolder to anonymous SecurityContext
2026-04-07 11:21:03 - o.s.security.web.FilterChainProxy - Secured GET /login
2026-04-07 11:21:03 - o.s.security.web.FilterChainProxy - Securing POST /login
2026-04-07 11:21:03 - o.s.s.w.a.AnonymousAuthenticationFilter - Set SecurityContextHolder to anonymous SecurityContext
2026-04-07 11:21:03 - o.s.security.web.FilterChainProxy - Secured POST /login
2026-04-07 11:21:04 - o.s.security.web.FilterChainProxy - Securing GET /dashboard
2026-04-07 11:21:04 - o.s.s.w.a.s.ChangeSessionIdAuthenticationStrategy - Changed session id from 03CE93BAF30BA43B3B29483933CC032C
2026-04-07 11:21:04 - o.s.s.c.session.SessionRegistryImpl - Registering session C66D6C7A9A0E01B550F749952D9B59DB, for principal Mahanga
2026-04-07 11:21:04 - o.s.s.w.c.CsrfAuthenticationStrategy - Replaced CSRF Token
2026-04-07 11:21:04 - o.s.s.w.c.HttpSessionSecurityContextRepository - Stored SecurityContextImpl [Authentication=UsernamePasswordAuthenticationToken [Principal=Mahanga, Credentials=[PROTECTED], Authenticated=true, Details=null, Granted Authorities=[ROLE_SUPER_ADMIN]]] to HttpSession [org.apache.catalina.session.StandardSessionFacade@5052cbe5]
2026-04-07 11:21:04 - o.s.security.web.FilterChainProxy - Secured GET /dashboard
2026-04-07 11:21:05 - o.s.security.web.FilterChainProxy - Securing GET /api/system-tests/1
2026-04-07 11:21:05 - o.s.s.w.c.HttpSessionSecurityContextRepository - Retrieved SecurityContextImpl [Authentication=UsernamePasswordAuthenticationToken [Principal=Mahanga, Credentials=[PROTECTED], Authenticated=true, Details=null, Granted Authorities=[ROLE_SUPER_ADMIN]]]
2026-04-07 11:21:05 - o.s.security.web.FilterChainProxy - Secured GET /api/system-tests/1
2026-04-07 11:26:02 - o.s.security.web.FilterChainProxy - Securing GET /login
2026-04-07 11:26:02 - o.s.s.w.a.AnonymousAuthenticationFilter - Set SecurityContextHolder to anonymous SecurityContext
2026-04-07 11:26:02 - o.s.security.web.FilterChainProxy - Secured GET /login
2026-04-07 11:26:02 - o.s.security.web.FilterChainProxy - Securing POST /login
2026-04-07 11:26:02 - o.s.s.w.a.AnonymousAuthenticationFilter - Set SecurityContextHolder to anonymous SecurityContext
2026-04-07 11:26:02 - o.s.security.web.FilterChainProxy - Secured POST /login
2026-04-07 11:26:03 - o.s.security.web.FilterChainProxy - Securing GET /dashboard
2026-04-07 11:26:03 - o.s.s.w.a.s.ChangeSessionIdAuthenticationStrategy - Changed session id from 6F5B5E9F0B2C558255E7146A30BF2F9A
2026-04-07 11:26:03 - o.s.s.c.session.SessionRegistryImpl - Registering session 197D784826FF8E92B0288D8A1E4F333F, for principal Mahanga
2026-04-07 11:26:03 - o.s.s.w.c.CsrfAuthenticationStrategy - Replaced CSRF Token
2026-04-07 11:26:03 - o.s.s.w.c.HttpSessionSecurityContextRepository - Stored SecurityContextImpl [Authentication=UsernamePasswordAuthenticationToken [Principal=Mahanga, Credentials=[PROTECTED], Authenticated=true, Details=null, Granted Authorities=[ROLE_SUPER_ADMIN]]] to HttpSession [org.apache.catalina.session.StandardSessionFacade@5ddfbf63]
2026-04-07 11:26:03 - o.s.security.web.FilterChainProxy - Secured GET /dashboard
2026-04-07 11:26:03 - o.s.security.web.FilterChainProxy - Securing GET /api/system-tests/1
2026-04-07 11:26:03 - o.s.s.w.c.HttpSessionSecurityContextRepository - Retrieved SecurityContextImpl [Authentication=UsernamePasswordAuthenticationToken [Principal=Mahanga, Credentials=[PROTECTED], Authenticated=true, Details=null, Granted Authorities=[ROLE_SUPER_ADMIN]]]
2026-04-07 11:26:03 - o.s.security.web.FilterChainProxy - Secured GET /api/system-tests/1
2026-04-07 11:27:02 - o.s.security.web.FilterChainProxy - Securing GET /login
2026-04-07 11:27:02 - o.s.s.w.a.AnonymousAuthenticationFilter - Set SecurityContextHolder to anonymous SecurityContext
2026-04-07 11:27:02 - o.s.security.web.FilterChainProxy - Secured GET /login
2026-04-07 11:27:02 - o.s.security.web.FilterChainProxy - Securing POST /login
2026-04-07 11:27:02 - o.s.s.w.a.AnonymousAuthenticationFilter - Set SecurityContextHolder to anonymous SecurityContext
2026-04-07 11:27:02 - o.s.security.web.FilterChainProxy - Secured POST /login
2026-04-07 11:27:03 - o.s.security.web.FilterChainProxy - Securing GET /dashboard
2026-04-07 11:27:03 - o.s.s.w.a.s.ChangeSessionIdAuthenticationStrategy - Changed session id from 4DBE4C879DD90A2C79A673FB092703A7
2026-04-07 11:27:03 - o.s.s.c.session.SessionRegistryImpl - Registering session 04ACEE2737DE215C97772A2231B42889, for principal Mahanga
2026-04-07 11:27:03 - o.s.s.w.c.CsrfAuthenticationStrategy - Replaced CSRF Token
2026-04-07 11:27:03 - o.s.s.w.c.HttpSessionSecurityContextRepository - Stored SecurityContextImpl [Authentication=UsernamePasswordAuthenticationToken [Principal=Mahanga, Credentials=[PROTECTED], Authenticated=true, Details=null, Granted Authorities=[ROLE_SUPER_ADMIN]]] to HttpSession [org.apache.catalina.session.StandardSessionFacade@1d9cea48]
2026-04-07 11:27:03 - o.s.security.web.FilterChainProxy - Secured GET /dashboard
2026-04-07 11:27:03 - o.s.security.web.FilterChainProxy - Securing POST /api/system-tests/run
2026-04-07 11:27:03 - o.s.s.w.c.HttpSessionSecurityContextRepository - Retrieved SecurityContextImpl [Authentication=UsernamePasswordAuthenticationToken [Principal=Mahanga, Credentials=[PROTECTED], Authenticated=true, Details=null, Granted Authorities=[ROLE_SUPER_ADMIN]]]
2026-04-07 11:27:03 - o.s.security.web.FilterChainProxy - Secured POST /api/system-tests/run
2026-04-07 11:27:03 - o.s.security.web.FilterChainProxy - Securing GET /login
2026-04-07 11:27:03 - o.s.s.w.a.AnonymousAuthenticationFilter - Set SecurityContextHolder to anonymous SecurityContext
2026-04-07 11:27:03 - o.s.security.web.FilterChainProxy - Secured GET /login
2026-04-07 11:27:03 - o.s.security.web.FilterChainProxy - Securing GET /public/emergency/report
2026-04-07 11:27:03 - o.s.s.w.a.AnonymousAuthenticationFilter - Set SecurityContextHolder to anonymous SecurityContext
2026-04-07 11:27:03 - o.s.security.web.FilterChainProxy - Secured GET /public/emergency/report
2026-04-07 11:27:03 - o.s.security.web.FilterChainProxy - Securing GET /api/system-tests/2
2026-04-07 11:27:03 - o.s.s.w.c.HttpSessionSecurityContextRepository - Retrieved SecurityContextImpl [Authentication=UsernamePasswordAuthenticationToken [Principal=Mahanga, Credentials=[PROTECTED], Authenticated=true, Details=null, Granted Authorities=[ROLE_SUPER_ADMIN]]]
2026-04-07 11:27:03 - o.s.security.web.FilterChainProxy - Secured GET /api/system-tests/2
2026-04-07 11:27:31 - o.s.security.web.FilterChainProxy - Securing GET /login
2026-04-07 11:27:31 - o.s.s.w.a.AnonymousAuthenticationFilter - Set SecurityContextHolder to anonymous SecurityContext
2026-04-07 11:27:31 - o.s.security.web.FilterChainProxy - Secured GET /login
2026-04-07 11:27:32 - o.s.security.web.FilterChainProxy - Securing POST /login
2026-04-07 11:27:32 - o.s.s.w.a.AnonymousAuthenticationFilter - Set SecurityContextHolder to anonymous SecurityContext
2026-04-07 11:27:32 - o.s.security.web.FilterChainProxy - Secured POST /login
2026-04-07 11:27:32 - o.s.security.web.FilterChainProxy - Securing GET /dashboard
2026-04-07 11:27:32 - o.s.s.w.a.s.ChangeSessionIdAuthenticationStrategy - Changed session id from F5ADCAA332CBDABC6B5FD6D00DD3457A
2026-04-07 11:27:32 - o.s.s.c.session.SessionRegistryImpl - Registering session 0DC5C8CCF9543D22A87028ABB7D8D37C, for principal Mahanga
2026-04-07 11:27:32 - o.s.s.w.c.CsrfAuthenticationStrategy - Replaced CSRF Token
2026-04-07 11:27:32 - o.s.s.w.c.HttpSessionSecurityContextRepository - Stored SecurityContextImpl [Authentication=UsernamePasswordAuthenticationToken [Principal=Mahanga, Credentials=[PROTECTED], Authenticated=true, Details=null, Granted Authorities=[ROLE_SUPER_ADMIN]]] to HttpSession [org.apache.catalina.session.StandardSessionFacade@10f84124]
2026-04-07 11:27:32 - o.s.security.web.FilterChainProxy - Secured GET /dashboard
2026-04-07 11:27:33 - o.s.security.web.FilterChainProxy - Securing GET /api/system-tests/2/pdf?lang=en
2026-04-07 11:27:33 - o.s.s.w.c.HttpSessionSecurityContextRepository - Retrieved SecurityContextImpl [Authentication=UsernamePasswordAuthenticationToken [Principal=Mahanga, Credentials=[PROTECTED], Authenticated=true, Details=null, Granted Authorities=[ROLE_SUPER_ADMIN]]]
2026-04-07 11:27:33 - o.s.security.web.FilterChainProxy - Secured GET /api/system-tests/2/pdf?lang=en
