[INFO] Scanning for projects...
[INFO] 
[INFO] -----------------------< com.daniphord:mahanga >------------------------
[INFO] Building  0.0.1-SNAPSHOT
[INFO]   from pom.xml
[INFO] --------------------------------[ jar ]---------------------------------
[INFO] 
[INFO] >>> spring-boot:4.0.3:run (default-cli) > test-compile @ mahanga >>>
[INFO] 
[INFO] --- resources:3.3.1:resources (default-resources) @ mahanga ---
[INFO] Copying 1 resource from src\main\resources to target\classes
[INFO] Copying 15 resources from src\main\resources to target\classes
[INFO] 
[INFO] --- compiler:3.14.1:compile (default-compile) @ mahanga ---
[INFO] Nothing to compile - all classes are up to date.
[INFO] 
[INFO] --- resources:3.3.1:testResources (default-testResources) @ mahanga ---
[INFO] skip non existing resourceDirectory C:\PROJECT\mahanga\src\test\resources
[INFO] 
[INFO] --- compiler:3.14.1:testCompile (default-testCompile) @ mahanga ---
[INFO] Nothing to compile - all classes are up to date.
[INFO] 
[INFO] <<< spring-boot:4.0.3:run (default-cli) < test-compile @ mahanga <<<
[INFO] 
[INFO] 
[INFO] --- spring-boot:4.0.3:run (default-cli) @ mahanga ---
[INFO] Attaching agents: []

  .   ____          _            __ _ _
 /\\ / ___'_ __ _ _(_)_ __  __ _ \ \ \ \
( ( )\___ | '_ | '_| | '_ \/ _` | \ \ \ \
 \\/  ___)| |_)| | | | | || (_| |  ) ) ) )
  '  |____| .__|_| |_|_| |_\__, | / / / /
 =========|_|==============|___/=/_/_/_/

 :: Spring Boot ::                (v4.0.3)

2026-03-31T10:42:04.910-07:00  INFO 10260 --- [mahanga] [           main] com.daniphord.mahanga.Application        : Starting Application using Java 25.0.2 with PID 10260 (C:\PROJECT\mahanga\target\classes started by KINJEKITILE NGWALE in C:\PROJECT\mahanga)
2026-03-31T10:42:04.916-07:00  INFO 10260 --- [mahanga] [           main] com.daniphord.mahanga.Application        : No active profile set, falling back to 1 default profile: "default"
2026-03-31T10:42:06.404-07:00  INFO 10260 --- [mahanga] [           main] .s.d.r.c.RepositoryConfigurationDelegate : Bootstrapping Spring Data JPA repositories in DEFAULT mode.
2026-03-31T10:42:06.508-07:00  INFO 10260 --- [mahanga] [           main] .s.d.r.c.RepositoryConfigurationDelegate : Finished Spring Data repository scanning in 89 ms. Found 4 JPA repository interfaces.
2026-03-31T10:42:07.685-07:00  INFO 10260 --- [mahanga] [           main] o.s.boot.tomcat.TomcatWebServer          : Tomcat initialized with port 51617 (http)
2026-03-31T10:42:07.710-07:00  INFO 10260 --- [mahanga] [           main] o.apache.catalina.core.StandardService   : Starting service [Tomcat]
2026-03-31T10:42:07.710-07:00  INFO 10260 --- [mahanga] [           main] o.apache.catalina.core.StandardEngine    : Starting Servlet engine: [Apache Tomcat/11.0.18]
2026-03-31T10:42:07.796-07:00  INFO 10260 --- [mahanga] [           main] b.w.c.s.WebApplicationContextInitializer : Root WebApplicationContext: initialization completed in 2732 ms
2026-03-31T10:42:08.111-07:00  INFO 10260 --- [mahanga] [           main] org.hibernate.orm.jpa                    : HHH008540: Processing PersistenceUnitInfo [name: default]
2026-03-31T10:42:08.208-07:00  INFO 10260 --- [mahanga] [           main] org.hibernate.orm.core                   : HHH000001: Hibernate ORM core version 7.2.4.Final
2026-03-31T10:42:09.211-07:00  INFO 10260 --- [mahanga] [           main] o.s.o.j.p.SpringPersistenceUnitInfo      : No LoadTimeWeaver setup: ignoring JPA class transformer
2026-03-31T10:42:09.260-07:00  INFO 10260 --- [mahanga] [           main] com.zaxxer.hikari.HikariDataSource       : HikariPool-1 - Starting...
2026-03-31T10:42:09.566-07:00  INFO 10260 --- [mahanga] [           main] com.zaxxer.hikari.pool.HikariPool        : HikariPool-1 - Added connection org.postgresql.jdbc.PgConnection@41d877bb
2026-03-31T10:42:09.570-07:00  INFO 10260 --- [mahanga] [           main] com.zaxxer.hikari.HikariDataSource       : HikariPool-1 - Start completed.
2026-03-31T10:42:09.683-07:00  INFO 10260 --- [mahanga] [           main] org.hibernate.orm.connections.pooling    : HHH10001005: Database info:
	Database JDBC URL [jdbc:postgresql://localhost:5432/shop]
	Database driver: PostgreSQL JDBC Driver
	Database dialect: PostgreSQLDialect
	Database version: 18.3
	Default catalog/schema: shop/public
	Autocommit mode: undefined/unknown
	Isolation level: READ_COMMITTED [default READ_COMMITTED]
	JDBC fetch size: none
	Pool: DataSourceConnectionProvider
	Minimum pool size: undefined/unknown
	Maximum pool size: undefined/unknown
2026-03-31T10:42:12.184-07:00  INFO 10260 --- [mahanga] [           main] org.hibernate.orm.core                   : HHH000489: No JTA platform available (set 'hibernate.transaction.jta.platform' to enable JTA platform integration)
2026-03-31T10:42:12.384-07:00  INFO 10260 --- [mahanga] [           main] j.LocalContainerEntityManagerFactoryBean : Initialized JPA EntityManagerFactory for persistence unit 'default'
2026-03-31T10:42:12.579-07:00  INFO 10260 --- [mahanga] [           main] o.s.d.j.r.query.QueryEnhancerFactories   : Hibernate is in classpath; If applicable, HQL parser will be used.
2026-03-31T10:42:13.925-07:00  WARN 10260 --- [mahanga] [           main] JpaBaseConfiguration$JpaWebConfiguration : spring.jpa.open-in-view is enabled by default. Therefore, database queries may be performed during view rendering. Explicitly configure spring.jpa.open-in-view to disable this warning
2026-03-31T10:42:14.061-07:00  WARN 10260 --- [mahanga] [           main] .s.a.UserDetailsServiceAutoConfiguration : 

Using generated security password: 4951894c-0bc7-40b7-8798-652044b2168e

This generated password is for development use only. Your security configuration must be updated before running your application in production.

2026-03-31T10:42:14.073-07:00  INFO 10260 --- [mahanga] [           main] r$InitializeUserDetailsManagerConfigurer : Global AuthenticationManager configured with UserDetailsService bean with name inMemoryUserDetailsManager
2026-03-31T10:42:14.870-07:00  INFO 10260 --- [mahanga] [           main] o.s.boot.tomcat.TomcatWebServer          : Tomcat started on port 51617 (http) with context path '/'
2026-03-31T10:42:14.876-07:00  INFO 10260 --- [mahanga] [           main] com.daniphord.mahanga.Application        : Started Application in 11.189 seconds (process running for 11.906)
Hibernate: 
    select
        u1_0.id,
        u1_0.password,
        u1_0.role,
        u1_0.shop_id,
        u1_0.username 
    from
        users u1_0 
    where
        u1_0.username=?
2026-03-31T10:42:15.121-07:00  INFO 10260 --- [mahanga] [           main] c.d.mahanga.Config.DataBootstrap         : Default super admin account already exists: username=superadmin
Hibernate: 
    select
        u1_0.id,
        u1_0.password,
        u1_0.role,
        u1_0.shop_id,
        u1_0.username 
    from
        users u1_0 
    where
        u1_0.username=?
2026-03-31T10:42:15.125-07:00  INFO 10260 --- [mahanga] [           main] c.d.mahanga.Config.DataBootstrap         : Default super admin account already exists: username=Mahanga
2026-03-31T10:42:15.126-07:00  INFO 10260 --- [mahanga] [           main] c.d.mahanga.Config.DatabaseStartupCheck  : Database connection OK: url=jdbc:postgresql://localhost:5432/shop, user=postgres
2026-03-31T10:45:12.183-07:00  INFO 10260 --- [mahanga] [io-51617-exec-1] o.a.c.c.C.[Tomcat].[localhost].[/]       : Initializing Spring DispatcherServlet 'dispatcherServlet'
2026-03-31T10:45:12.183-07:00  INFO 10260 --- [mahanga] [io-51617-exec-1] o.s.web.servlet.DispatcherServlet        : Initializing Servlet 'dispatcherServlet'
2026-03-31T10:45:12.185-07:00  INFO 10260 --- [mahanga] [io-51617-exec-1] o.s.web.servlet.DispatcherServlet        : Completed initialization in 2 ms
Hibernate: 
    select
        u1_0.id,
        u1_0.password,
        u1_0.role,
        u1_0.shop_id,
        u1_0.username 
    from
        users u1_0 
    where
        u1_0.username=?
Hibernate: 
    select
        s1_0.id,
        s1_0.active,
        s1_0.created_date,
        s1_0.location,
        s1_0.name,
        s1_0.payment_complete,
        s1_0.payment_date,
        s1_0.payment_expiry_date,
        s1_0.payment_number 
    from
        shop s1_0 
    where
        s1_0.id=?
Hibernate: 
    select
        u1_0.id,
        u1_0.password,
        u1_0.role,
        s1_0.id,
        s1_0.active,
        s1_0.created_date,
        s1_0.location,
        s1_0.name,
        s1_0.payment_complete,
        s1_0.payment_date,
        s1_0.payment_expiry_date,
        s1_0.payment_number,
        u1_0.username 
    from
        users u1_0 
    left join
        shop s1_0 
            on s1_0.id=u1_0.shop_id 
    where
        u1_0.id=?
Hibernate: 
    select
        p1_0.id,
        p1_0.cost,
        p1_0.name,
        p1_0.price,
        p1_0.shop_id,
        p1_0.stock 
    from
        product p1_0 
    where
        p1_0.shop_id=?
Hibernate: 
    select
        s1_0.id,
        s1_0.date_time,
        s1_0.product_id,
        s1_0.profit,
        s1_0.quantity,
        s1_0.shop_id,
        s1_0.total 
    from
        sale s1_0 
    where
        s1_0.shop_id=?
Hibernate: 
    select
        s1_0.id,
        s1_0.date_time,
        s1_0.product_id,
        s1_0.profit,
        s1_0.quantity,
        s1_0.shop_id,
        s1_0.total 
    from
        sale s1_0 
    where
        s1_0.date_time>=? 
        and s1_0.date_time<=?
Hibernate: 
    select
        u1_0.id,
        u1_0.password,
        u1_0.role,
        s1_0.id,
        s1_0.active,
        s1_0.created_date,
        s1_0.location,
        s1_0.name,
        s1_0.payment_complete,
        s1_0.payment_date,
        s1_0.payment_expiry_date,
        s1_0.payment_number,
        u1_0.username 
    from
        users u1_0 
    left join
        shop s1_0 
            on s1_0.id=u1_0.shop_id 
    where
        u1_0.id=?
Hibernate: 
    update
        shop 
    set
        active=?,
        created_date=?,
        location=?,
        name=?,
        payment_complete=?,
        payment_date=?,
        payment_expiry_date=?,
        payment_number=? 
    where
        id=?
Hibernate: 
    select
        u1_0.id,
        u1_0.password,
        u1_0.role,
        s1_0.id,
        s1_0.active,
        s1_0.created_date,
        s1_0.location,
        s1_0.name,
        s1_0.payment_complete,
        s1_0.payment_date,
        s1_0.payment_expiry_date,
        s1_0.payment_number,
        u1_0.username 
    from
        users u1_0 
    left join
        shop s1_0 
            on s1_0.id=u1_0.shop_id 
    where
        u1_0.id=?
Hibernate: 
    select
        p1_0.id,
        p1_0.cost,
        p1_0.name,
        p1_0.price,
        p1_0.shop_id,
        p1_0.stock 
    from
        product p1_0 
    where
        p1_0.shop_id=?
Hibernate: 
    select
        s1_0.id,
        s1_0.date_time,
        s1_0.product_id,
        s1_0.profit,
        s1_0.quantity,
        s1_0.shop_id,
        s1_0.total 
    from
        sale s1_0 
    where
        s1_0.shop_id=?
Hibernate: 
    select
        s1_0.id,
        s1_0.date_time,
        s1_0.product_id,
        s1_0.profit,
        s1_0.quantity,
        s1_0.shop_id,
        s1_0.total 
    from
        sale s1_0 
    where
        s1_0.date_time>=? 
        and s1_0.date_time<=?
Hibernate: 
    select
        u1_0.id,
        u1_0.password,
        u1_0.role,
        s1_0.id,
        s1_0.active,
        s1_0.created_date,
        s1_0.location,
        s1_0.name,
        s1_0.payment_complete,
        s1_0.payment_date,
        s1_0.payment_expiry_date,
        s1_0.payment_number,
        u1_0.username 
    from
        users u1_0 
    left join
        shop s1_0 
            on s1_0.id=u1_0.shop_id 
    where
        u1_0.id=?
Hibernate: 
    select
        u1_0.id,
        u1_0.password,
        u1_0.role,
        s1_0.id,
        s1_0.active,
        s1_0.created_date,
        s1_0.location,
        s1_0.name,
        s1_0.payment_complete,
        s1_0.payment_date,
        s1_0.payment_expiry_date,
        s1_0.payment_number,
        u1_0.username 
    from
        users u1_0 
    left join
        shop s1_0 
            on s1_0.id=u1_0.shop_id 
    where
        u1_0.id=?
Hibernate: 
    select
        p1_0.id,
        p1_0.cost,
        p1_0.name,
        p1_0.price,
        p1_0.shop_id,
        p1_0.stock 
    from
        product p1_0 
    where
        p1_0.shop_id=?
Hibernate: 
    select
        s1_0.id,
        s1_0.date_time,
        s1_0.product_id,
        s1_0.profit,
        s1_0.quantity,
        s1_0.shop_id,
        s1_0.total 
    from
        sale s1_0 
    where
        s1_0.shop_id=?
Hibernate: 
    select
        s1_0.id,
        s1_0.date_time,
        s1_0.product_id,
        s1_0.profit,
        s1_0.quantity,
        s1_0.shop_id,
        s1_0.total 
    from
        sale s1_0 
    where
        s1_0.date_time>=? 
        and s1_0.date_time<=?
Hibernate: 
    select
        u1_0.id,
        u1_0.password,
        u1_0.role,
        s1_0.id,
        s1_0.active,
        s1_0.created_date,
        s1_0.location,
        s1_0.name,
        s1_0.payment_complete,
        s1_0.payment_date,
        s1_0.payment_expiry_date,
        s1_0.payment_number,
        u1_0.username 
    from
        users u1_0 
    left join
        shop s1_0 
            on s1_0.id=u1_0.shop_id 
    where
        u1_0.id=?
Hibernate: 
    select
        p1_0.id,
        p1_0.cost,
        p1_0.name,
        p1_0.price,
        p1_0.shop_id,
        p1_0.stock 
    from
        product p1_0 
    where
        p1_0.shop_id=?
Hibernate: 
    select
        s1_0.id,
        s1_0.date_time,
        s1_0.product_id,
        s1_0.profit,
        s1_0.quantity,
        s1_0.shop_id,
        s1_0.total 
    from
        sale s1_0 
    where
        s1_0.shop_id=?
Hibernate: 
    select
        s1_0.id,
        s1_0.date_time,
        s1_0.product_id,
        s1_0.profit,
        s1_0.quantity,
        s1_0.shop_id,
        s1_0.total 
    from
        sale s1_0 
    where
        s1_0.date_time>=? 
        and s1_0.date_time<=?
Hibernate: 
    select
        u1_0.id,
        u1_0.password,
        u1_0.role,
        s1_0.id,
        s1_0.active,
        s1_0.created_date,
        s1_0.location,
        s1_0.name,
        s1_0.payment_complete,
        s1_0.payment_date,
        s1_0.payment_expiry_date,
        s1_0.payment_number,
        u1_0.username 
    from
        users u1_0 
    left join
        shop s1_0 
            on s1_0.id=u1_0.shop_id 
    where
        u1_0.id=?
Hibernate: 
    select
        p1_0.id,
        p1_0.cost,
        p1_0.name,
        p1_0.price,
        p1_0.shop_id,
        p1_0.stock 
    from
        product p1_0 
    where
        p1_0.shop_id=?
Hibernate: 
    select
        s1_0.id,
        s1_0.date_time,
        s1_0.product_id,
        s1_0.profit,
        s1_0.quantity,
        s1_0.shop_id,
        s1_0.total 
    from
        sale s1_0 
    where
        s1_0.shop_id=?
Hibernate: 
    select
        s1_0.id,
        s1_0.date_time,
        s1_0.product_id,
        s1_0.profit,
        s1_0.quantity,
        s1_0.shop_id,
        s1_0.total 
    from
        sale s1_0 
    where
        s1_0.date_time>=? 
        and s1_0.date_time<=?
Hibernate: 
    select
        u1_0.id,
        u1_0.password,
        u1_0.role,
        s1_0.id,
        s1_0.active,
        s1_0.created_date,
        s1_0.location,
        s1_0.name,
        s1_0.payment_complete,
        s1_0.payment_date,
        s1_0.payment_expiry_date,
        s1_0.payment_number,
        u1_0.username 
    from
        users u1_0 
    left join
        shop s1_0 
            on s1_0.id=u1_0.shop_id 
    where
        u1_0.id=?
Hibernate: 
    select
        p1_0.id,
        p1_0.cost,
        p1_0.name,
        p1_0.price,
        p1_0.shop_id,
        p1_0.stock 
    from
        product p1_0 
    where
        p1_0.shop_id=?
Hibernate: 
    select
        s1_0.id,
        s1_0.date_time,
        s1_0.product_id,
        s1_0.profit,
        s1_0.quantity,
        s1_0.shop_id,
        s1_0.total 
    from
        sale s1_0 
    where
        s1_0.shop_id=?
Hibernate: 
    select
        s1_0.id,
        s1_0.date_time,
        s1_0.product_id,
        s1_0.profit,
        s1_0.quantity,
        s1_0.shop_id,
        s1_0.total 
    from
        sale s1_0 
    where
        s1_0.date_time>=? 
        and s1_0.date_time<=?
Hibernate: 
    select
        u1_0.id,
        u1_0.password,
        u1_0.role,
        s1_0.id,
        s1_0.active,
        s1_0.created_date,
        s1_0.location,
        s1_0.name,
        s1_0.payment_complete,
        s1_0.payment_date,
        s1_0.payment_expiry_date,
        s1_0.payment_number,
        u1_0.username 
    from
        users u1_0 
    left join
        shop s1_0 
            on s1_0.id=u1_0.shop_id 
    where
        u1_0.id=?
Hibernate: 
    select
        p1_0.id,
        p1_0.cost,
        p1_0.name,
        p1_0.price,
        p1_0.shop_id,
        p1_0.stock 
    from
        product p1_0 
    where
        p1_0.shop_id=?
Hibernate: 
    select
        s1_0.id,
        s1_0.date_time,
        s1_0.product_id,
        s1_0.profit,
        s1_0.quantity,
        s1_0.shop_id,
        s1_0.total 
    from
        sale s1_0 
    where
        s1_0.shop_id=?
Hibernate: 
    select
        s1_0.id,
        s1_0.date_time,
        s1_0.product_id,
        s1_0.profit,
        s1_0.quantity,
        s1_0.shop_id,
        s1_0.total 
    from
        sale s1_0 
    where
        s1_0.date_time>=? 
        and s1_0.date_time<=?
Hibernate: 
    select
        u1_0.id,
        u1_0.password,
        u1_0.role,
        s1_0.id,
        s1_0.active,
        s1_0.created_date,
        s1_0.location,
        s1_0.name,
        s1_0.payment_complete,
        s1_0.payment_date,
        s1_0.payment_expiry_date,
        s1_0.payment_number,
        u1_0.username 
    from
        users u1_0 
    left join
        shop s1_0 
            on s1_0.id=u1_0.shop_id 
    where
        u1_0.id=?
Hibernate: 
    select
        p1_0.id,
        p1_0.cost,
        p1_0.name,
        p1_0.price,
        p1_0.shop_id,
        p1_0.stock 
    from
        product p1_0 
    where
        p1_0.shop_id=?
Hibernate: 
    select
        s1_0.id,
        s1_0.date_time,
        s1_0.product_id,
        s1_0.profit,
        s1_0.quantity,
        s1_0.shop_id,
        s1_0.total 
    from
        sale s1_0 
    where
        s1_0.shop_id=?
Hibernate: 
    select
        s1_0.id,
        s1_0.date_time,
        s1_0.product_id,
        s1_0.profit,
        s1_0.quantity,
        s1_0.shop_id,
        s1_0.total 
    from
        sale s1_0 
    where
        s1_0.date_time>=? 
        and s1_0.date_time<=?
Hibernate: 
    select
        u1_0.id,
        u1_0.password,
        u1_0.role,
        s1_0.id,
        s1_0.active,
        s1_0.created_date,
        s1_0.location,
        s1_0.name,
        s1_0.payment_complete,
        s1_0.payment_date,
        s1_0.payment_expiry_date,
        s1_0.payment_number,
        u1_0.username 
    from
        users u1_0 
    left join
        shop s1_0 
            on s1_0.id=u1_0.shop_id 
    where
        u1_0.id=?
Hibernate: 
    select
        s1_0.id,
        s1_0.date_time,
        s1_0.product_id,
        s1_0.profit,
        s1_0.quantity,
        s1_0.shop_id,
        s1_0.total 
    from
        sale s1_0 
    where
        s1_0.shop_id=?
Hibernate: 
    select
        p1_0.id,
        p1_0.cost,
        p1_0.name,
        p1_0.price,
        s1_0.id,
        s1_0.active,
        s1_0.created_date,
        s1_0.location,
        s1_0.name,
        s1_0.payment_complete,
        s1_0.payment_date,
        s1_0.payment_expiry_date,
        s1_0.payment_number,
        p1_0.stock 
    from
        product p1_0 
    left join
        shop s1_0 
            on s1_0.id=p1_0.shop_id 
    where
        p1_0.id=?
Hibernate: 
    select
        u1_0.id,
        u1_0.password,
        u1_0.role,
        s1_0.id,
        s1_0.active,
        s1_0.created_date,
        s1_0.location,
        s1_0.name,
        s1_0.payment_complete,
        s1_0.payment_date,
        s1_0.payment_expiry_date,
        s1_0.payment_number,
        u1_0.username 
    from
        users u1_0 
    left join
        shop s1_0 
            on s1_0.id=u1_0.shop_id 
    where
        u1_0.id=?
Hibernate: 
    select
        p1_0.id,
        p1_0.cost,
        p1_0.name,
        p1_0.price,
        p1_0.shop_id,
        p1_0.stock 
    from
        product p1_0 
    where
        p1_0.shop_id=?
Hibernate: 
    select
        s1_0.id,
        s1_0.date_time,
        s1_0.product_id,
        s1_0.profit,
        s1_0.quantity,
        s1_0.shop_id,
        s1_0.total 
    from
        sale s1_0 
    where
        s1_0.shop_id=?
Hibernate: 
    select
        s1_0.id,
        s1_0.date_time,
        s1_0.product_id,
        s1_0.profit,
        s1_0.quantity,
        s1_0.shop_id,
        s1_0.total 
    from
        sale s1_0 
    where
        s1_0.date_time>=? 
        and s1_0.date_time<=?
Hibernate: 
    select
        u1_0.id,
        u1_0.password,
        u1_0.role,
        s1_0.id,
        s1_0.active,
        s1_0.created_date,
        s1_0.location,
        s1_0.name,
        s1_0.payment_complete,
        s1_0.payment_date,
        s1_0.payment_expiry_date,
        s1_0.payment_number,
        u1_0.username 
    from
        users u1_0 
    left join
        shop s1_0 
            on s1_0.id=u1_0.shop_id 
    where
        u1_0.id=?
Hibernate: 
    select
        u1_0.id,
        u1_0.password,
        u1_0.role,
        s1_0.id,
        s1_0.active,
        s1_0.created_date,
        s1_0.location,
        s1_0.name,
        s1_0.payment_complete,
        s1_0.payment_date,
        s1_0.payment_expiry_date,
        s1_0.payment_number,
        u1_0.username 
    from
        users u1_0 
    left join
        shop s1_0 
            on s1_0.id=u1_0.shop_id 
    where
        u1_0.id=?
Hibernate: 
    select
        p1_0.id,
        p1_0.cost,
        p1_0.name,
        p1_0.price,
        p1_0.shop_id,
        p1_0.stock 
    from
        product p1_0 
    where
        p1_0.shop_id=?
Hibernate: 
    select
        s1_0.id,
        s1_0.date_time,
        s1_0.product_id,
        s1_0.profit,
        s1_0.quantity,
        s1_0.shop_id,
        s1_0.total 
    from
        sale s1_0 
    where
        s1_0.shop_id=?
Hibernate: 
    select
        s1_0.id,
        s1_0.date_time,
        s1_0.product_id,
        s1_0.profit,
        s1_0.quantity,
        s1_0.shop_id,
        s1_0.total 
    from
        sale s1_0 
    where
        s1_0.date_time>=? 
        and s1_0.date_time<=?
Hibernate: 
    select
        u1_0.id,
        u1_0.password,
        u1_0.role,
        s1_0.id,
        s1_0.active,
        s1_0.created_date,
        s1_0.location,
        s1_0.name,
        s1_0.payment_complete,
        s1_0.payment_date,
        s1_0.payment_expiry_date,
        s1_0.payment_number,
        u1_0.username 
    from
        users u1_0 
    left join
        shop s1_0 
            on s1_0.id=u1_0.shop_id 
    where
        u1_0.id=?
Hibernate: 
    select
        p1_0.id,
        p1_0.cost,
        p1_0.name,
        p1_0.price,
        p1_0.shop_id,
        p1_0.stock 
    from
        product p1_0 
    where
        p1_0.shop_id=?
Hibernate: 
    select
        s1_0.id,
        s1_0.date_time,
        s1_0.product_id,
        s1_0.profit,
        s1_0.quantity,
        s1_0.shop_id,
        s1_0.total 
    from
        sale s1_0 
    where
        s1_0.shop_id=?
Hibernate: 
    select
        s1_0.id,
        s1_0.date_time,
        s1_0.product_id,
        s1_0.profit,
        s1_0.quantity,
        s1_0.shop_id,
        s1_0.total 
    from
        sale s1_0 
    where
        s1_0.date_time>=? 
        and s1_0.date_time<=?
Hibernate: 
    select
        u1_0.id,
        u1_0.password,
        u1_0.role,
        u1_0.shop_id,
        u1_0.username 
    from
        users u1_0 
    where
        u1_0.username=?
Hibernate: 
    select
        s1_0.id,
        s1_0.active,
        s1_0.created_date,
        s1_0.location,
        s1_0.name,
        s1_0.payment_complete,
        s1_0.payment_date,
        s1_0.payment_expiry_date,
        s1_0.payment_number 
    from
        shop s1_0 
    where
        s1_0.id=?
Hibernate: 
    select
        u1_0.id,
        u1_0.password,
        u1_0.role,
        s1_0.id,
        s1_0.active,
        s1_0.created_date,
        s1_0.location,
        s1_0.name,
        s1_0.payment_complete,
        s1_0.payment_date,
        s1_0.payment_expiry_date,
        s1_0.payment_number,
        u1_0.username 
    from
        users u1_0 
    left join
        shop s1_0 
            on s1_0.id=u1_0.shop_id 
    where
        u1_0.id=?
Hibernate: 
    select
        p1_0.id,
        p1_0.cost,
        p1_0.name,
        p1_0.price,
        p1_0.shop_id,
        p1_0.stock 
    from
        product p1_0 
    where
        p1_0.shop_id=?
Hibernate: 
    select
        s1_0.id,
        s1_0.date_time,
        s1_0.product_id,
        s1_0.profit,
        s1_0.quantity,
        s1_0.shop_id,
        s1_0.total 
    from
        sale s1_0 
    where
        s1_0.shop_id=?
Hibernate: 
    select
        s1_0.id,
        s1_0.date_time,
        s1_0.product_id,
        s1_0.profit,
        s1_0.quantity,
        s1_0.shop_id,
        s1_0.total 
    from
        sale s1_0 
    where
        s1_0.date_time>=? 
        and s1_0.date_time<=?
Hibernate: 
    select
        u1_0.id,
        u1_0.password,
        u1_0.role,
        s1_0.id,
        s1_0.active,
        s1_0.created_date,
        s1_0.location,
        s1_0.name,
        s1_0.payment_complete,
        s1_0.payment_date,
        s1_0.payment_expiry_date,
        s1_0.payment_number,
        u1_0.username 
    from
        users u1_0 
    left join
        shop s1_0 
            on s1_0.id=u1_0.shop_id 
    where
        u1_0.id=?
Hibernate: 
    select
        u1_0.id,
        u1_0.password,
        u1_0.role,
        s1_0.id,
        s1_0.active,
        s1_0.created_date,
        s1_0.location,
        s1_0.name,
        s1_0.payment_complete,
        s1_0.payment_date,
        s1_0.payment_expiry_date,
        s1_0.payment_number,
        u1_0.username 
    from
        users u1_0 
    left join
        shop s1_0 
            on s1_0.id=u1_0.shop_id 
    where
        u1_0.id=?
Hibernate: 
    insert 
    into
        product
        (cost, name, price, shop_id, stock) 
    values
        (?, ?, ?, ?, ?)
Hibernate: 
    select
        u1_0.id,
        u1_0.password,
        u1_0.role,
        s1_0.id,
        s1_0.active,
        s1_0.created_date,
        s1_0.location,
        s1_0.name,
        s1_0.payment_complete,
        s1_0.payment_date,
        s1_0.payment_expiry_date,
        s1_0.payment_number,
        u1_0.username 
    from
        users u1_0 
    left join
        shop s1_0 
            on s1_0.id=u1_0.shop_id 
    where
        u1_0.id=?
Hibernate: 
    select
        p1_0.id,
        p1_0.cost,
        p1_0.name,
        p1_0.price,
        p1_0.shop_id,
        p1_0.stock 
    from
        product p1_0 
    where
        p1_0.shop_id=?
Hibernate: 
    select
        s1_0.id,
        s1_0.date_time,
        s1_0.product_id,
        s1_0.profit,
        s1_0.quantity,
        s1_0.shop_id,
        s1_0.total 
    from
        sale s1_0 
    where
        s1_0.shop_id=?
Hibernate: 
    select
        s1_0.id,
        s1_0.date_time,
        s1_0.product_id,
        s1_0.profit,
        s1_0.quantity,
        s1_0.shop_id,
        s1_0.total 
    from
        sale s1_0 
    where
        s1_0.date_time>=? 
        and s1_0.date_time<=?
Hibernate: 
    select
        u1_0.id,
        u1_0.password,
        u1_0.role,
        s1_0.id,
        s1_0.active,
        s1_0.created_date,
        s1_0.location,
        s1_0.name,
        s1_0.payment_complete,
        s1_0.payment_date,
        s1_0.payment_expiry_date,
        s1_0.payment_number,
        u1_0.username 
    from
        users u1_0 
    left join
        shop s1_0 
            on s1_0.id=u1_0.shop_id 
    where
        u1_0.id=?
Hibernate: 
    select
        u1_0.id,
        u1_0.password,
        u1_0.role,
        s1_0.id,
        s1_0.active,
        s1_0.created_date,
        s1_0.location,
        s1_0.name,
        s1_0.payment_complete,
        s1_0.payment_date,
        s1_0.payment_expiry_date,
        s1_0.payment_number,
        u1_0.username 
    from
        users u1_0 
    left join
        shop s1_0 
            on s1_0.id=u1_0.shop_id 
    where
        u1_0.id=?
Hibernate: 
    select
        p1_0.id,
        p1_0.cost,
        p1_0.name,
        p1_0.price,
        p1_0.shop_id,
        p1_0.stock 
    from
        product p1_0 
    where
        p1_0.shop_id=?
Hibernate: 
    select
        s1_0.id,
        s1_0.date_time,
        s1_0.product_id,
        s1_0.profit,
        s1_0.quantity,
        s1_0.shop_id,
        s1_0.total 
    from
        sale s1_0 
    where
        s1_0.shop_id=?
Hibernate: 
    select
        s1_0.id,
        s1_0.date_time,
        s1_0.product_id,
        s1_0.profit,
        s1_0.quantity,
        s1_0.shop_id,
        s1_0.total 
    from
        sale s1_0 
    where
        s1_0.date_time>=? 
        and s1_0.date_time<=?
Hibernate: 
    select
        u1_0.id,
        u1_0.password,
        u1_0.role,
        u1_0.shop_id,
        u1_0.username 
    from
        users u1_0 
    where
        u1_0.username=?
Hibernate: 
    select
        s1_0.id,
        s1_0.active,
        s1_0.created_date,
        s1_0.location,
        s1_0.name,
        s1_0.payment_complete,
        s1_0.payment_date,
        s1_0.payment_expiry_date,
        s1_0.payment_number 
    from
        shop s1_0 
    where
        s1_0.id=?
Hibernate: 
    select
        u1_0.id,
        u1_0.password,
        u1_0.role,
        s1_0.id,
        s1_0.active,
        s1_0.created_date,
        s1_0.location,
        s1_0.name,
        s1_0.payment_complete,
        s1_0.payment_date,
        s1_0.payment_expiry_date,
        s1_0.payment_number,
        u1_0.username 
    from
        users u1_0 
    left join
        shop s1_0 
            on s1_0.id=u1_0.shop_id 
    where
        u1_0.id=?
Hibernate: 
    select
        p1_0.id,
        p1_0.cost,
        p1_0.name,
        p1_0.price,
        p1_0.shop_id,
        p1_0.stock 
    from
        product p1_0 
    where
        p1_0.shop_id=?
Hibernate: 
    select
        s1_0.id,
        s1_0.date_time,
        s1_0.product_id,
        s1_0.profit,
        s1_0.quantity,
        s1_0.shop_id,
        s1_0.total 
    from
        sale s1_0 
    where
        s1_0.shop_id=?
Hibernate: 
    select
        u1_0.id,
        u1_0.password,
        u1_0.role,
        s1_0.id,
        s1_0.active,
        s1_0.created_date,
        s1_0.location,
        s1_0.name,
        s1_0.payment_complete,
        s1_0.payment_date,
        s1_0.payment_expiry_date,
        s1_0.payment_number,
        u1_0.username 
    from
        users u1_0 
    left join
        shop s1_0 
            on s1_0.id=u1_0.shop_id 
    where
        u1_0.id=?
Hibernate: 
    select
        p1_0.id,
        p1_0.cost,
        p1_0.name,
        p1_0.price,
        s1_0.id,
        s1_0.active,
        s1_0.created_date,
        s1_0.location,
        s1_0.name,
        s1_0.payment_complete,
        s1_0.payment_date,
        s1_0.payment_expiry_date,
        s1_0.payment_number,
        p1_0.stock 
    from
        product p1_0 
    left join
        shop s1_0 
            on s1_0.id=p1_0.shop_id 
    where
        p1_0.id=?
Hibernate: 
    update
        product 
    set
        cost=?,
        name=?,
        price=?,
        shop_id=?,
        stock=? 
    where
        id=?
Hibernate: 
    insert 
    into
        sale
        (date_time, product_id, profit, quantity, shop_id, total) 
    values
        (?, ?, ?, ?, ?, ?)
Hibernate: 
    select
        u1_0.id,
        u1_0.password,
        u1_0.role,
        s1_0.id,
        s1_0.active,
        s1_0.created_date,
        s1_0.location,
        s1_0.name,
        s1_0.payment_complete,
        s1_0.payment_date,
        s1_0.payment_expiry_date,
        s1_0.payment_number,
        u1_0.username 
    from
        users u1_0 
    left join
        shop s1_0 
            on s1_0.id=u1_0.shop_id 
    where
        u1_0.id=?
Hibernate: 
    select
        p1_0.id,
        p1_0.cost,
        p1_0.name,
        p1_0.price,
        p1_0.shop_id,
        p1_0.stock 
    from
        product p1_0 
    where
        p1_0.shop_id=?
Hibernate: 
    select
        s1_0.id,
        s1_0.date_time,
        s1_0.product_id,
        s1_0.profit,
        s1_0.quantity,
        s1_0.shop_id,
        s1_0.total 
    from
        sale s1_0 
    where
        s1_0.shop_id=?
Hibernate: 
    select
        u1_0.id,
        u1_0.password,
        u1_0.role,
        s1_0.id,
        s1_0.active,
        s1_0.created_date,
        s1_0.location,
        s1_0.name,
        s1_0.payment_complete,
        s1_0.payment_date,
        s1_0.payment_expiry_date,
        s1_0.payment_number,
        u1_0.username 
    from
        users u1_0 
    left join
        shop s1_0 
            on s1_0.id=u1_0.shop_id 
    where
        u1_0.id=?
Hibernate: 
    select
        s1_0.id,
        s1_0.date_time,
        s1_0.product_id,
        s1_0.profit,
        s1_0.quantity,
        s1_0.shop_id,
        s1_0.total 
    from
        sale s1_0 
    where
        s1_0.shop_id=?
Hibernate: 
    select
        p1_0.id,
        p1_0.cost,
        p1_0.name,
        p1_0.price,
        s1_0.id,
        s1_0.active,
        s1_0.created_date,
        s1_0.location,
        s1_0.name,
        s1_0.payment_complete,
        s1_0.payment_date,
        s1_0.payment_expiry_date,
        s1_0.payment_number,
        p1_0.stock 
    from
        product p1_0 
    left join
        shop s1_0 
            on s1_0.id=p1_0.shop_id 
    where
        p1_0.id=?
Hibernate: 
    select
        p1_0.id,
        p1_0.cost,
        p1_0.name,
        p1_0.price,
        s1_0.id,
        s1_0.active,
        s1_0.created_date,
        s1_0.location,
        s1_0.name,
        s1_0.payment_complete,
        s1_0.payment_date,
        s1_0.payment_expiry_date,
        s1_0.payment_number,
        p1_0.stock 
    from
        product p1_0 
    left join
        shop s1_0 
            on s1_0.id=p1_0.shop_id 
    where
        p1_0.id=?
Hibernate: 
    select
        u1_0.id,
        u1_0.password,
        u1_0.role,
        s1_0.id,
        s1_0.active,
        s1_0.created_date,
        s1_0.location,
        s1_0.name,
        s1_0.payment_complete,
        s1_0.payment_date,
        s1_0.payment_expiry_date,
        s1_0.payment_number,
        u1_0.username 
    from
        users u1_0 
    left join
        shop s1_0 
            on s1_0.id=u1_0.shop_id 
    where
        u1_0.id=?
Hibernate: 
    select
        p1_0.id,
        p1_0.cost,
        p1_0.name,
        p1_0.price,
        p1_0.shop_id,
        p1_0.stock 
    from
        product p1_0 
    where
        p1_0.shop_id=?
Hibernate: 
    select
        s1_0.id,
        s1_0.date_time,
        s1_0.product_id,
        s1_0.profit,
        s1_0.quantity,
        s1_0.shop_id,
        s1_0.total 
    from
        sale s1_0 
    where
        s1_0.shop_id=?
Hibernate: 
    select
        u1_0.id,
        u1_0.password,
        u1_0.role,
        s1_0.id,
        s1_0.active,
        s1_0.created_date,
        s1_0.location,
        s1_0.name,
        s1_0.payment_complete,
        s1_0.payment_date,
        s1_0.payment_expiry_date,
        s1_0.payment_number,
        u1_0.username 
    from
        users u1_0 
    left join
        shop s1_0 
            on s1_0.id=u1_0.shop_id 
    where
        u1_0.id=?
Hibernate: 
    select
        p1_0.id,
        p1_0.cost,
        p1_0.name,
        p1_0.price,
        s1_0.id,
        s1_0.active,
        s1_0.created_date,
        s1_0.location,
        s1_0.name,
        s1_0.payment_complete,
        s1_0.payment_date,
        s1_0.payment_expiry_date,
        s1_0.payment_number,
        p1_0.stock 
    from
        product p1_0 
    left join
        shop s1_0 
            on s1_0.id=p1_0.shop_id 
    where
        p1_0.id=?
Hibernate: 
    update
        product 
    set
        cost=?,
        name=?,
        price=?,
        shop_id=?,
        stock=? 
    where
        id=?
Hibernate: 
    insert 
    into
        sale
        (date_time, product_id, profit, quantity, shop_id, total) 
    values
        (?, ?, ?, ?, ?, ?)
Hibernate: 
    select
        u1_0.id,
        u1_0.password,
        u1_0.role,
        s1_0.id,
        s1_0.active,
        s1_0.created_date,
        s1_0.location,
        s1_0.name,
        s1_0.payment_complete,
        s1_0.payment_date,
        s1_0.payment_expiry_date,
        s1_0.payment_number,
        u1_0.username 
    from
        users u1_0 
    left join
        shop s1_0 
            on s1_0.id=u1_0.shop_id 
    where
        u1_0.id=?
Hibernate: 
    select
        p1_0.id,
        p1_0.cost,
        p1_0.name,
        p1_0.price,
        p1_0.shop_id,
        p1_0.stock 
    from
        product p1_0 
    where
        p1_0.shop_id=?
Hibernate: 
    select
        s1_0.id,
        s1_0.date_time,
        s1_0.product_id,
        s1_0.profit,
        s1_0.quantity,
        s1_0.shop_id,
        s1_0.total 
    from
        sale s1_0 
    where
        s1_0.shop_id=?
Hibernate: 
    select
        u1_0.id,
        u1_0.password,
        u1_0.role,
        s1_0.id,
        s1_0.active,
        s1_0.created_date,
        s1_0.location,
        s1_0.name,
        s1_0.payment_complete,
        s1_0.payment_date,
        s1_0.payment_expiry_date,
        s1_0.payment_number,
        u1_0.username 
    from
        users u1_0 
    left join
        shop s1_0 
            on s1_0.id=u1_0.shop_id 
    where
        u1_0.id=?
Hibernate: 
    select
        s1_0.id,
        s1_0.date_time,
        s1_0.product_id,
        s1_0.profit,
        s1_0.quantity,
        s1_0.shop_id,
        s1_0.total 
    from
        sale s1_0 
    where
        s1_0.shop_id=?
Hibernate: 
    select
        p1_0.id,
        p1_0.cost,
        p1_0.name,
        p1_0.price,
        s1_0.id,
        s1_0.active,
        s1_0.created_date,
        s1_0.location,
        s1_0.name,
        s1_0.payment_complete,
        s1_0.payment_date,
        s1_0.payment_expiry_date,
        s1_0.payment_number,
        p1_0.stock 
    from
        product p1_0 
    left join
        shop s1_0 
            on s1_0.id=p1_0.shop_id 
    where
        p1_0.id=?
Hibernate: 
    select
        p1_0.id,
        p1_0.cost,
        p1_0.name,
        p1_0.price,
        s1_0.id,
        s1_0.active,
        s1_0.created_date,
        s1_0.location,
        s1_0.name,
        s1_0.payment_complete,
        s1_0.payment_date,
        s1_0.payment_expiry_date,
        s1_0.payment_number,
        p1_0.stock 
    from
        product p1_0 
    left join
        shop s1_0 
            on s1_0.id=p1_0.shop_id 
    where
        p1_0.id=?
Hibernate: 
    select
        u1_0.id,
        u1_0.password,
        u1_0.role,
        s1_0.id,
        s1_0.active,
        s1_0.created_date,
        s1_0.location,
        s1_0.name,
        s1_0.payment_complete,
        s1_0.payment_date,
        s1_0.payment_expiry_date,
        s1_0.payment_number,
        u1_0.username 
    from
        users u1_0 
    left join
        shop s1_0 
            on s1_0.id=u1_0.shop_id 
    where
        u1_0.id=?
Hibernate: 
    select
        p1_0.id,
        p1_0.cost,
        p1_0.name,
        p1_0.price,
        p1_0.shop_id,
        p1_0.stock 
    from
        product p1_0 
    where
        p1_0.shop_id=?
Hibernate: 
    select
        s1_0.id,
        s1_0.date_time,
        s1_0.product_id,
        s1_0.profit,
        s1_0.quantity,
        s1_0.shop_id,
        s1_0.total 
    from
        sale s1_0 
    where
        s1_0.shop_id=?
Hibernate: 
    select
        u1_0.id,
        u1_0.password,
        u1_0.role,
        s1_0.id,
        s1_0.active,
        s1_0.created_date,
        s1_0.location,
        s1_0.name,
        s1_0.payment_complete,
        s1_0.payment_date,
        s1_0.payment_expiry_date,
        s1_0.payment_number,
        u1_0.username 
    from
        users u1_0 
    left join
        shop s1_0 
            on s1_0.id=u1_0.shop_id 
    where
        u1_0.id=?
Hibernate: 
    select
        p1_0.id,
        p1_0.cost,
        p1_0.name,
        p1_0.price,
        p1_0.shop_id,
        p1_0.stock 
    from
        product p1_0 
    where
        p1_0.shop_id=?
Hibernate: 
    select
        s1_0.id,
        s1_0.date_time,
        s1_0.product_id,
        s1_0.profit,
        s1_0.quantity,
        s1_0.shop_id,
        s1_0.total 
    from
        sale s1_0 
    where
        s1_0.shop_id=?
Hibernate: 
    select
        u1_0.id,
        u1_0.password,
        u1_0.role,
        u1_0.shop_id,
        u1_0.username 
    from
        users u1_0 
    where
        u1_0.username=?
Hibernate: 
    select
        s1_0.id,
        s1_0.active,
        s1_0.created_date,
        s1_0.location,
        s1_0.name,
        s1_0.payment_complete,
        s1_0.payment_date,
        s1_0.payment_expiry_date,
        s1_0.payment_number 
    from
        shop s1_0 
    where
        s1_0.id=?
Hibernate: 
    select
        u1_0.id,
        u1_0.password,
        u1_0.role,
        s1_0.id,
        s1_0.active,
        s1_0.created_date,
        s1_0.location,
        s1_0.name,
        s1_0.payment_complete,
        s1_0.payment_date,
        s1_0.payment_expiry_date,
        s1_0.payment_number,
        u1_0.username 
    from
        users u1_0 
    left join
        shop s1_0 
            on s1_0.id=u1_0.shop_id 
    where
        u1_0.id=?
Hibernate: 
    select
        p1_0.id,
        p1_0.cost,
        p1_0.name,
        p1_0.price,
        p1_0.shop_id,
        p1_0.stock 
    from
        product p1_0 
    where
        p1_0.shop_id=?
Hibernate: 
    select
        s1_0.id,
        s1_0.date_time,
        s1_0.product_id,
        s1_0.profit,
        s1_0.quantity,
        s1_0.shop_id,
        s1_0.total 
    from
        sale s1_0 
    where
        s1_0.shop_id=?
Hibernate: 
    select
        s1_0.id,
        s1_0.date_time,
        s1_0.product_id,
        s1_0.profit,
        s1_0.quantity,
        s1_0.shop_id,
        s1_0.total 
    from
        sale s1_0 
    where
        s1_0.date_time>=? 
        and s1_0.date_time<=?
Hibernate: 
    select
        u1_0.id,
        u1_0.password,
        u1_0.role,
        s1_0.id,
        s1_0.active,
        s1_0.created_date,
        s1_0.location,
        s1_0.name,
        s1_0.payment_complete,
        s1_0.payment_date,
        s1_0.payment_expiry_date,
        s1_0.payment_number,
        u1_0.username 
    from
        users u1_0 
    left join
        shop s1_0 
            on s1_0.id=u1_0.shop_id 
    where
        u1_0.id=?
Hibernate: 
    select
        u1_0.id,
        u1_0.password,
        u1_0.role,
        s1_0.id,
        s1_0.active,
        s1_0.created_date,
        s1_0.location,
        s1_0.name,
        s1_0.payment_complete,
        s1_0.payment_date,
        s1_0.payment_expiry_date,
        s1_0.payment_number,
        u1_0.username 
    from
        users u1_0 
    left join
        shop s1_0 
            on s1_0.id=u1_0.shop_id 
    where
        u1_0.id=?
Hibernate: 
    insert 
    into
        product
        (cost, name, price, shop_id, stock) 
    values
        (?, ?, ?, ?, ?)
Hibernate: 
    select
        u1_0.id,
        u1_0.password,
        u1_0.role,
        s1_0.id,
        s1_0.active,
        s1_0.created_date,
        s1_0.location,
        s1_0.name,
        s1_0.payment_complete,
        s1_0.payment_date,
        s1_0.payment_expiry_date,
        s1_0.payment_number,
        u1_0.username 
    from
        users u1_0 
    left join
        shop s1_0 
            on s1_0.id=u1_0.shop_id 
    where
        u1_0.id=?
Hibernate: 
    select
        p1_0.id,
        p1_0.cost,
        p1_0.name,
        p1_0.price,
        p1_0.shop_id,
        p1_0.stock 
    from
        product p1_0 
    where
        p1_0.shop_id=?
Hibernate: 
    select
        s1_0.id,
        s1_0.date_time,
        s1_0.product_id,
        s1_0.profit,
        s1_0.quantity,
        s1_0.shop_id,
        s1_0.total 
    from
        sale s1_0 
    where
        s1_0.shop_id=?
Hibernate: 
    select
        s1_0.id,
        s1_0.date_time,
        s1_0.product_id,
        s1_0.profit,
        s1_0.quantity,
        s1_0.shop_id,
        s1_0.total 
    from
        sale s1_0 
    where
        s1_0.date_time>=? 
        and s1_0.date_time<=?
Hibernate: 
    select
        u1_0.id,
        u1_0.password,
        u1_0.role,
        s1_0.id,
        s1_0.active,
        s1_0.created_date,
        s1_0.location,
        s1_0.name,
        s1_0.payment_complete,
        s1_0.payment_date,
        s1_0.payment_expiry_date,
        s1_0.payment_number,
        u1_0.username 
    from
        users u1_0 
    left join
        shop s1_0 
            on s1_0.id=u1_0.shop_id 
    where
        u1_0.id=?
Hibernate: 
    select
        u1_0.id,
        u1_0.password,
        u1_0.role,
        s1_0.id,
        s1_0.active,
        s1_0.created_date,
        s1_0.location,
        s1_0.name,
        s1_0.payment_complete,
        s1_0.payment_date,
        s1_0.payment_expiry_date,
        s1_0.payment_number,
        u1_0.username 
    from
        users u1_0 
    left join
        shop s1_0 
            on s1_0.id=u1_0.shop_id 
    where
        u1_0.id=?
Hibernate: 
    insert 
    into
        product
        (cost, name, price, shop_id, stock) 
    values
        (?, ?, ?, ?, ?)
Hibernate: 
    select
        u1_0.id,
        u1_0.password,
        u1_0.role,
        s1_0.id,
        s1_0.active,
        s1_0.created_date,
        s1_0.location,
        s1_0.name,
        s1_0.payment_complete,
        s1_0.payment_date,
        s1_0.payment_expiry_date,
        s1_0.payment_number,
        u1_0.username 
    from
        users u1_0 
    left join
        shop s1_0 
            on s1_0.id=u1_0.shop_id 
    where
        u1_0.id=?
Hibernate: 
    select
        p1_0.id,
        p1_0.cost,
        p1_0.name,
        p1_0.price,
        p1_0.shop_id,
        p1_0.stock 
    from
        product p1_0 
    where
        p1_0.shop_id=?
Hibernate: 
    select
        s1_0.id,
        s1_0.date_time,
        s1_0.product_id,
        s1_0.profit,
        s1_0.quantity,
        s1_0.shop_id,
        s1_0.total 
    from
        sale s1_0 
    where
        s1_0.shop_id=?
Hibernate: 
    select
        s1_0.id,
        s1_0.date_time,
        s1_0.product_id,
        s1_0.profit,
        s1_0.quantity,
        s1_0.shop_id,
        s1_0.total 
    from
        sale s1_0 
    where
        s1_0.date_time>=? 
        and s1_0.date_time<=?
Hibernate: 
    select
        u1_0.id,
        u1_0.password,
        u1_0.role,
        s1_0.id,
        s1_0.active,
        s1_0.created_date,
        s1_0.location,
        s1_0.name,
        s1_0.payment_complete,
        s1_0.payment_date,
        s1_0.payment_expiry_date,
        s1_0.payment_number,
        u1_0.username 
    from
        users u1_0 
    left join
        shop s1_0 
            on s1_0.id=u1_0.shop_id 
    where
        u1_0.id=?
Hibernate: 
    select
        p1_0.id,
        p1_0.cost,
        p1_0.name,
        p1_0.price,
        s1_0.id,
        s1_0.active,
        s1_0.created_date,
        s1_0.location,
        s1_0.name,
        s1_0.payment_complete,
        s1_0.payment_date,
        s1_0.payment_expiry_date,
        s1_0.payment_number,
        p1_0.stock 
    from
        product p1_0 
    left join
        shop s1_0 
            on s1_0.id=p1_0.shop_id 
    where
        p1_0.id=?
Hibernate: 
    update
        product 
    set
        cost=?,
        name=?,
        price=?,
        shop_id=?,
        stock=? 
    where
        id=?
Hibernate: 
    insert 
    into
        sale
        (date_time, product_id, profit, quantity, shop_id, total) 
    values
        (?, ?, ?, ?, ?, ?)
Hibernate: 
    select
        u1_0.id,
        u1_0.password,
        u1_0.role,
        s1_0.id,
        s1_0.active,
        s1_0.created_date,
        s1_0.location,
        s1_0.name,
        s1_0.payment_complete,
        s1_0.payment_date,
        s1_0.payment_expiry_date,
        s1_0.payment_number,
        u1_0.username 
    from
        users u1_0 
    left join
        shop s1_0 
            on s1_0.id=u1_0.shop_id 
    where
        u1_0.id=?
Hibernate: 
    select
        p1_0.id,
        p1_0.cost,
        p1_0.name,
        p1_0.price,
        p1_0.shop_id,
        p1_0.stock 
    from
        product p1_0 
    where
        p1_0.shop_id=?
Hibernate: 
    select
        s1_0.id,
        s1_0.date_time,
        s1_0.product_id,
        s1_0.profit,
        s1_0.quantity,
        s1_0.shop_id,
        s1_0.total 
    from
        sale s1_0 
    where
        s1_0.shop_id=?
Hibernate: 
    select
        s1_0.id,
        s1_0.date_time,
        s1_0.product_id,
        s1_0.profit,
        s1_0.quantity,
        s1_0.shop_id,
        s1_0.total 
    from
        sale s1_0 
    where
        s1_0.date_time>=? 
        and s1_0.date_time<=?
Hibernate: 
    select
        u1_0.id,
        u1_0.password,
        u1_0.role,
        s1_0.id,
        s1_0.active,
        s1_0.created_date,
        s1_0.location,
        s1_0.name,
        s1_0.payment_complete,
        s1_0.payment_date,
        s1_0.payment_expiry_date,
        s1_0.payment_number,
        u1_0.username 
    from
        users u1_0 
    left join
        shop s1_0 
            on s1_0.id=u1_0.shop_id 
    where
        u1_0.id=?
Hibernate: 
    select
        p1_0.id,
        p1_0.cost,
        p1_0.name,
        p1_0.price,
        s1_0.id,
        s1_0.active,
        s1_0.created_date,
        s1_0.location,
        s1_0.name,
        s1_0.payment_complete,
        s1_0.payment_date,
        s1_0.payment_expiry_date,
        s1_0.payment_number,
        p1_0.stock 
    from
        product p1_0 
    left join
        shop s1_0 
            on s1_0.id=p1_0.shop_id 
    where
        p1_0.id=?
Hibernate: 
    update
        product 
    set
        cost=?,
        name=?,
        price=?,
        shop_id=?,
        stock=? 
    where
        id=?
Hibernate: 
    insert 
    into
        sale
        (date_time, product_id, profit, quantity, shop_id, total) 
    values
        (?, ?, ?, ?, ?, ?)
Hibernate: 
    select
        u1_0.id,
        u1_0.password,
        u1_0.role,
        s1_0.id,
        s1_0.active,
        s1_0.created_date,
        s1_0.location,
        s1_0.name,
        s1_0.payment_complete,
        s1_0.payment_date,
        s1_0.payment_expiry_date,
        s1_0.payment_number,
        u1_0.username 
    from
        users u1_0 
    left join
        shop s1_0 
            on s1_0.id=u1_0.shop_id 
    where
        u1_0.id=?
Hibernate: 
    select
        p1_0.id,
        p1_0.cost,
        p1_0.name,
        p1_0.price,
        p1_0.shop_id,
        p1_0.stock 
    from
        product p1_0 
    where
        p1_0.shop_id=?
Hibernate: 
    select
        s1_0.id,
        s1_0.date_time,
        s1_0.product_id,
        s1_0.profit,
        s1_0.quantity,
        s1_0.shop_id,
        s1_0.total 
    from
        sale s1_0 
    where
        s1_0.shop_id=?
Hibernate: 
    select
        s1_0.id,
        s1_0.date_time,
        s1_0.product_id,
        s1_0.profit,
        s1_0.quantity,
        s1_0.shop_id,
        s1_0.total 
    from
        sale s1_0 
    where
        s1_0.date_time>=? 
        and s1_0.date_time<=?
Hibernate: 
    select
        u1_0.id,
        u1_0.password,
        u1_0.role,
        s1_0.id,
        s1_0.active,
        s1_0.created_date,
        s1_0.location,
        s1_0.name,
        s1_0.payment_complete,
        s1_0.payment_date,
        s1_0.payment_expiry_date,
        s1_0.payment_number,
        u1_0.username 
    from
        users u1_0 
    left join
        shop s1_0 
            on s1_0.id=u1_0.shop_id 
    where
        u1_0.id=?
Hibernate: 
    select
        u1_0.id,
        u1_0.password,
        u1_0.role,
        s1_0.id,
        s1_0.active,
        s1_0.created_date,
        s1_0.location,
        s1_0.name,
        s1_0.payment_complete,
        s1_0.payment_date,
        s1_0.payment_expiry_date,
        s1_0.payment_number,
        u1_0.username 
    from
        users u1_0 
    left join
        shop s1_0 
            on s1_0.id=u1_0.shop_id 
    where
        u1_0.id=?
Hibernate: 
    select
        p1_0.id,
        p1_0.cost,
        p1_0.name,
        p1_0.price,
        p1_0.shop_id,
        p1_0.stock 
    from
        product p1_0 
    where
        p1_0.shop_id=?
Hibernate: 
    select
        s1_0.id,
        s1_0.date_time,
        s1_0.product_id,
        s1_0.profit,
        s1_0.quantity,
        s1_0.shop_id,
        s1_0.total 
    from
        sale s1_0 
    where
        s1_0.shop_id=?
Hibernate: 
    select
        s1_0.id,
        s1_0.date_time,
        s1_0.product_id,
        s1_0.profit,
        s1_0.quantity,
        s1_0.shop_id,
        s1_0.total 
    from
        sale s1_0 
    where
        s1_0.date_time>=? 
        and s1_0.date_time<=?
Hibernate: 
    select
        u1_0.id,
        u1_0.password,
        u1_0.role,
        s1_0.id,
        s1_0.active,
        s1_0.created_date,
        s1_0.location,
        s1_0.name,
        s1_0.payment_complete,
        s1_0.payment_date,
        s1_0.payment_expiry_date,
        s1_0.payment_number,
        u1_0.username 
    from
        users u1_0 
    left join
        shop s1_0 
            on s1_0.id=u1_0.shop_id 
    where
        u1_0.id=?
Hibernate: 
    select
        u1_0.id,
        u1_0.password,
        u1_0.role,
        s1_0.id,
        s1_0.active,
        s1_0.created_date,
        s1_0.location,
        s1_0.name,
        s1_0.payment_complete,
        s1_0.payment_date,
        s1_0.payment_expiry_date,
        s1_0.payment_number,
        u1_0.username 
    from
        users u1_0 
    left join
        shop s1_0 
            on s1_0.id=u1_0.shop_id 
    where
        u1_0.id=?
Hibernate: 
    select
        p1_0.id,
        p1_0.cost,
        p1_0.name,
        p1_0.price,
        p1_0.shop_id,
        p1_0.stock 
    from
        product p1_0 
    where
        p1_0.shop_id=?
Hibernate: 
    select
        s1_0.id,
        s1_0.date_time,
        s1_0.product_id,
        s1_0.profit,
        s1_0.quantity,
        s1_0.shop_id,
        s1_0.total 
    from
        sale s1_0 
    where
        s1_0.shop_id=?
Hibernate: 
    select
        s1_0.id,
        s1_0.date_time,
        s1_0.product_id,
        s1_0.profit,
        s1_0.quantity,
        s1_0.shop_id,
        s1_0.total 
    from
        sale s1_0 
    where
        s1_0.date_time>=? 
        and s1_0.date_time<=?
Hibernate: 
    select
        u1_0.id,
        u1_0.password,
        u1_0.role,
        s1_0.id,
        s1_0.active,
        s1_0.created_date,
        s1_0.location,
        s1_0.name,
        s1_0.payment_complete,
        s1_0.payment_date,
        s1_0.payment_expiry_date,
        s1_0.payment_number,
        u1_0.username 
    from
        users u1_0 
    left join
        shop s1_0 
            on s1_0.id=u1_0.shop_id 
    where
        u1_0.id=?
Hibernate: 
    select
        u1_0.id,
        u1_0.password,
        u1_0.role,
        s1_0.id,
        s1_0.active,
        s1_0.created_date,
        s1_0.location,
        s1_0.name,
        s1_0.payment_complete,
        s1_0.payment_date,
        s1_0.payment_expiry_date,
        s1_0.payment_number,
        u1_0.username 
    from
        users u1_0 
    left join
        shop s1_0 
            on s1_0.id=u1_0.shop_id 
    where
        u1_0.id=?
Hibernate: 
    select
        p1_0.id,
        p1_0.cost,
        p1_0.name,
        p1_0.price,
        p1_0.shop_id,
        p1_0.stock 
    from
        product p1_0 
    where
        p1_0.shop_id=?
Hibernate: 
    select
        s1_0.id,
        s1_0.date_time,
        s1_0.product_id,
        s1_0.profit,
        s1_0.quantity,
        s1_0.shop_id,
        s1_0.total 
    from
        sale s1_0 
    where
        s1_0.shop_id=?
Hibernate: 
    select
        s1_0.id,
        s1_0.date_time,
        s1_0.product_id,
        s1_0.profit,
        s1_0.quantity,
        s1_0.shop_id,
        s1_0.total 
    from
        sale s1_0 
    where
        s1_0.date_time>=? 
        and s1_0.date_time<=?
Hibernate: 
    select
        u1_0.id,
        u1_0.password,
        u1_0.role,
        s1_0.id,
        s1_0.active,
        s1_0.created_date,
        s1_0.location,
        s1_0.name,
        s1_0.payment_complete,
        s1_0.payment_date,
        s1_0.payment_expiry_date,
        s1_0.payment_number,
        u1_0.username 
    from
        users u1_0 
    left join
        shop s1_0 
            on s1_0.id=u1_0.shop_id 
    where
        u1_0.id=?
Hibernate: 
    select
        s1_0.id,
        s1_0.date_time,
        s1_0.product_id,
        s1_0.profit,
        s1_0.quantity,
        s1_0.shop_id,
        s1_0.total 
    from
        sale s1_0 
    where
        s1_0.shop_id=?
Hibernate: 
    select
        p1_0.id,
        p1_0.cost,
        p1_0.name,
        p1_0.price,
        s1_0.id,
        s1_0.active,
        s1_0.created_date,
        s1_0.location,
        s1_0.name,
        s1_0.payment_complete,
        s1_0.payment_date,
        s1_0.payment_expiry_date,
        s1_0.payment_number,
        p1_0.stock 
    from
        product p1_0 
    left join
        shop s1_0 
            on s1_0.id=p1_0.shop_id 
    where
        p1_0.id=?
Hibernate: 
    select
        p1_0.id,
        p1_0.cost,
        p1_0.name,
        p1_0.price,
        s1_0.id,
        s1_0.active,
        s1_0.created_date,
        s1_0.location,
        s1_0.name,
        s1_0.payment_complete,
        s1_0.payment_date,
        s1_0.payment_expiry_date,
        s1_0.payment_number,
        p1_0.stock 
    from
        product p1_0 
    left join
        shop s1_0 
            on s1_0.id=p1_0.shop_id 
    where
        p1_0.id=?
Hibernate: 
    select
        p1_0.id,
        p1_0.cost,
        p1_0.name,
        p1_0.price,
        s1_0.id,
        s1_0.active,
        s1_0.created_date,
        s1_0.location,
        s1_0.name,
        s1_0.payment_complete,
        s1_0.payment_date,
        s1_0.payment_expiry_date,
        s1_0.payment_number,
        p1_0.stock 
    from
        product p1_0 
    left join
        shop s1_0 
            on s1_0.id=p1_0.shop_id 
    where
        p1_0.id=?
Hibernate: 
    select
        p1_0.id,
        p1_0.cost,
        p1_0.name,
        p1_0.price,
        s1_0.id,
        s1_0.active,
        s1_0.created_date,
        s1_0.location,
        s1_0.name,
        s1_0.payment_complete,
        s1_0.payment_date,
        s1_0.payment_expiry_date,
        s1_0.payment_number,
        p1_0.stock 
    from
        product p1_0 
    left join
        shop s1_0 
            on s1_0.id=p1_0.shop_id 
    where
        p1_0.id=?
Hibernate: 
    select
        u1_0.id,
        u1_0.password,
        u1_0.role,
        s1_0.id,
        s1_0.active,
        s1_0.created_date,
        s1_0.location,
        s1_0.name,
        s1_0.payment_complete,
        s1_0.payment_date,
        s1_0.payment_expiry_date,
        s1_0.payment_number,
        u1_0.username 
    from
        users u1_0 
    left join
        shop s1_0 
            on s1_0.id=u1_0.shop_id 
    where
        u1_0.id=?
Hibernate: 
    select
        p1_0.id,
        p1_0.cost,
        p1_0.name,
        p1_0.price,
        p1_0.shop_id,
        p1_0.stock 
    from
        product p1_0 
    where
        p1_0.shop_id=?
Hibernate: 
    select
        s1_0.id,
        s1_0.date_time,
        s1_0.product_id,
        s1_0.profit,
        s1_0.quantity,
        s1_0.shop_id,
        s1_0.total 
    from
        sale s1_0 
    where
        s1_0.shop_id=?
Hibernate: 
    select
        s1_0.id,
        s1_0.date_time,
        s1_0.product_id,
        s1_0.profit,
        s1_0.quantity,
        s1_0.shop_id,
        s1_0.total 
    from
        sale s1_0 
    where
        s1_0.date_time>=? 
        and s1_0.date_time<=?
Hibernate: 
    select
        u1_0.id,
        u1_0.password,
        u1_0.role,
        s1_0.id,
        s1_0.active,
        s1_0.created_date,
        s1_0.location,
        s1_0.name,
        s1_0.payment_complete,
        s1_0.payment_date,
        s1_0.payment_expiry_date,
        s1_0.payment_number,
        u1_0.username 
    from
        users u1_0 
    left join
        shop s1_0 
            on s1_0.id=u1_0.shop_id 
    where
        u1_0.id=?
Hibernate: 
    select
        s1_0.id,
        s1_0.date_time,
        s1_0.product_id,
        s1_0.profit,
        s1_0.quantity,
        s1_0.shop_id,
        s1_0.total 
    from
        sale s1_0 
    where
        s1_0.shop_id=?
Hibernate: 
    select
        p1_0.id,
        p1_0.cost,
        p1_0.name,
        p1_0.price,
        s1_0.id,
        s1_0.active,
        s1_0.created_date,
        s1_0.location,
        s1_0.name,
        s1_0.payment_complete,
        s1_0.payment_date,
        s1_0.payment_expiry_date,
        s1_0.payment_number,
        p1_0.stock 
    from
        product p1_0 
    left join
        shop s1_0 
            on s1_0.id=p1_0.shop_id 
    where
        p1_0.id=?
Hibernate: 
    select
        p1_0.id,
        p1_0.cost,
        p1_0.name,
        p1_0.price,
        s1_0.id,
        s1_0.active,
        s1_0.created_date,
        s1_0.location,
        s1_0.name,
        s1_0.payment_complete,
        s1_0.payment_date,
        s1_0.payment_expiry_date,
        s1_0.payment_number,
        p1_0.stock 
    from
        product p1_0 
    left join
        shop s1_0 
            on s1_0.id=p1_0.shop_id 
    where
        p1_0.id=?
Hibernate: 
    select
        p1_0.id,
        p1_0.cost,
        p1_0.name,
        p1_0.price,
        s1_0.id,
        s1_0.active,
        s1_0.created_date,
        s1_0.location,
        s1_0.name,
        s1_0.payment_complete,
        s1_0.payment_date,
        s1_0.payment_expiry_date,
        s1_0.payment_number,
        p1_0.stock 
    from
        product p1_0 
    left join
        shop s1_0 
            on s1_0.id=p1_0.shop_id 
    where
        p1_0.id=?
Hibernate: 
    select
        p1_0.id,
        p1_0.cost,
        p1_0.name,
        p1_0.price,
        s1_0.id,
        s1_0.active,
        s1_0.created_date,
        s1_0.location,
        s1_0.name,
        s1_0.payment_complete,
        s1_0.payment_date,
        s1_0.payment_expiry_date,
        s1_0.payment_number,
        p1_0.stock 
    from
        product p1_0 
    left join
        shop s1_0 
            on s1_0.id=p1_0.shop_id 
    where
        p1_0.id=?
Hibernate: 
    select
        u1_0.id,
        u1_0.password,
        u1_0.role,
        s1_0.id,
        s1_0.active,
        s1_0.created_date,
        s1_0.location,
        s1_0.name,
        s1_0.payment_complete,
        s1_0.payment_date,
        s1_0.payment_expiry_date,
        s1_0.payment_number,
        u1_0.username 
    from
        users u1_0 
    left join
        shop s1_0 
            on s1_0.id=u1_0.shop_id 
    where
        u1_0.id=?
Hibernate: 
    select
        p1_0.id,
        p1_0.cost,
        p1_0.name,
        p1_0.price,
        p1_0.shop_id,
        p1_0.stock 
    from
        product p1_0 
    where
        p1_0.shop_id=?
Hibernate: 
    select
        s1_0.id,
        s1_0.date_time,
        s1_0.product_id,
        s1_0.profit,
        s1_0.quantity,
        s1_0.shop_id,
        s1_0.total 
    from
        sale s1_0 
    where
        s1_0.shop_id=?
Hibernate: 
    select
        s1_0.id,
        s1_0.date_time,
        s1_0.product_id,
        s1_0.profit,
        s1_0.quantity,
        s1_0.shop_id,
        s1_0.total 
    from
        sale s1_0 
    where
        s1_0.date_time>=? 
        and s1_0.date_time<=?
Hibernate: 
    select
        u1_0.id,
        u1_0.password,
        u1_0.role,
        s1_0.id,
        s1_0.active,
        s1_0.created_date,
        s1_0.location,
        s1_0.name,
        s1_0.payment_complete,
        s1_0.payment_date,
        s1_0.payment_expiry_date,
        s1_0.payment_number,
        u1_0.username 
    from
        users u1_0 
    left join
        shop s1_0 
            on s1_0.id=u1_0.shop_id 
    where
        u1_0.id=?
Hibernate: 
    select
        p1_0.id,
        p1_0.cost,
        p1_0.name,
        p1_0.price,
        p1_0.shop_id,
        p1_0.stock 
    from
        product p1_0 
    where
        p1_0.shop_id=?
Hibernate: 
    select
        s1_0.id,
        s1_0.date_time,
        s1_0.product_id,
        s1_0.profit,
        s1_0.quantity,
        s1_0.shop_id,
        s1_0.total 
    from
        sale s1_0 
    where
        s1_0.shop_id=?
Hibernate: 
    select
        s1_0.id,
        s1_0.date_time,
        s1_0.product_id,
        s1_0.profit,
        s1_0.quantity,
        s1_0.shop_id,
        s1_0.total 
    from
        sale s1_0 
    where
        s1_0.date_time>=? 
        and s1_0.date_time<=?
Hibernate: 
    select
        u1_0.id,
        u1_0.password,
        u1_0.role,
        u1_0.shop_id,
        u1_0.username 
    from
        users u1_0 
    where
        u1_0.username=?
Hibernate: 
    select
        s1_0.id,
        s1_0.active,
        s1_0.created_date,
        s1_0.location,
        s1_0.name,
        s1_0.payment_complete,
        s1_0.payment_date,
        s1_0.payment_expiry_date,
        s1_0.payment_number 
    from
        shop s1_0
Hibernate: 
    select
        u1_0.id,
        u1_0.password,
        u1_0.role,
        u1_0.shop_id,
        u1_0.username 
    from
        users u1_0
Hibernate: 
    select
        s1_0.id,
        s1_0.date_time,
        s1_0.product_id,
        s1_0.profit,
        s1_0.quantity,
        s1_0.shop_id,
        s1_0.total 
    from
        sale s1_0
Hibernate: 
    select
        p1_0.id,
        p1_0.cost,
        p1_0.name,
        p1_0.price,
        s1_0.id,
        s1_0.active,
        s1_0.created_date,
        s1_0.location,
        s1_0.name,
        s1_0.payment_complete,
        s1_0.payment_date,
        s1_0.payment_expiry_date,
        s1_0.payment_number,
        p1_0.stock 
    from
        product p1_0 
    left join
        shop s1_0 
            on s1_0.id=p1_0.shop_id 
    where
        p1_0.id=?
Hibernate: 
    select
        p1_0.id,
        p1_0.cost,
        p1_0.name,
        p1_0.price,
        s1_0.id,
        s1_0.active,
        s1_0.created_date,
        s1_0.location,
        s1_0.name,
        s1_0.payment_complete,
        s1_0.payment_date,
        s1_0.payment_expiry_date,
        s1_0.payment_number,
        p1_0.stock 
    from
        product p1_0 
    left join
        shop s1_0 
            on s1_0.id=p1_0.shop_id 
    where
        p1_0.id=?
Hibernate: 
    select
        p1_0.id,
        p1_0.cost,
        p1_0.name,
        p1_0.price,
        s1_0.id,
        s1_0.active,
        s1_0.created_date,
        s1_0.location,
        s1_0.name,
        s1_0.payment_complete,
        s1_0.payment_date,
        s1_0.payment_expiry_date,
        s1_0.payment_number,
        p1_0.stock 
    from
        product p1_0 
    left join
        shop s1_0 
            on s1_0.id=p1_0.shop_id 
    where
        p1_0.id=?
Hibernate: 
    select
        p1_0.id,
        p1_0.cost,
        p1_0.name,
        p1_0.price,
        s1_0.id,
        s1_0.active,
        s1_0.created_date,
        s1_0.location,
        s1_0.name,
        s1_0.payment_complete,
        s1_0.payment_date,
        s1_0.payment_expiry_date,
        s1_0.payment_number,
        p1_0.stock 
    from
        product p1_0 
    left join
        shop s1_0 
            on s1_0.id=p1_0.shop_id 
    where
        p1_0.id=?
Hibernate: 
    select
        s1_0.id,
        s1_0.active,
        s1_0.created_date,
        s1_0.location,
        s1_0.name,
        s1_0.payment_complete,
        s1_0.payment_date,
        s1_0.payment_expiry_date,
        s1_0.payment_number 
    from
        shop s1_0 
    where
        s1_0.id=?
Hibernate: 
    update
        shop 
    set
        active=?,
        created_date=?,
        location=?,
        name=?,
        payment_complete=?,
        payment_date=?,
        payment_expiry_date=?,
        payment_number=? 
    where
        id=?
Hibernate: 
    select
        s1_0.id,
        s1_0.active,
        s1_0.created_date,
        s1_0.location,
        s1_0.name,
        s1_0.payment_complete,
        s1_0.payment_date,
        s1_0.payment_expiry_date,
        s1_0.payment_number 
    from
        shop s1_0
Hibernate: 
    select
        u1_0.id,
        u1_0.password,
        u1_0.role,
        u1_0.shop_id,
        u1_0.username 
    from
        users u1_0
Hibernate: 
    select
        s1_0.id,
        s1_0.date_time,
        s1_0.product_id,
        s1_0.profit,
        s1_0.quantity,
        s1_0.shop_id,
        s1_0.total 
    from
        sale s1_0
Hibernate: 
    select
        p1_0.id,
        p1_0.cost,
        p1_0.name,
        p1_0.price,
        s1_0.id,
        s1_0.active,
        s1_0.created_date,
        s1_0.location,
        s1_0.name,
        s1_0.payment_complete,
        s1_0.payment_date,
        s1_0.payment_expiry_date,
        s1_0.payment_number,
        p1_0.stock 
    from
        product p1_0 
    left join
        shop s1_0 
            on s1_0.id=p1_0.shop_id 
    where
        p1_0.id=?
Hibernate: 
    select
        p1_0.id,
        p1_0.cost,
        p1_0.name,
        p1_0.price,
        s1_0.id,
        s1_0.active,
        s1_0.created_date,
        s1_0.location,
        s1_0.name,
        s1_0.payment_complete,
        s1_0.payment_date,
        s1_0.payment_expiry_date,
        s1_0.payment_number,
        p1_0.stock 
    from
        product p1_0 
    left join
        shop s1_0 
            on s1_0.id=p1_0.shop_id 
    where
        p1_0.id=?
Hibernate: 
    select
        p1_0.id,
        p1_0.cost,
        p1_0.name,
        p1_0.price,
        s1_0.id,
        s1_0.active,
        s1_0.created_date,
        s1_0.location,
        s1_0.name,
        s1_0.payment_complete,
        s1_0.payment_date,
        s1_0.payment_expiry_date,
        s1_0.payment_number,
        p1_0.stock 
    from
        product p1_0 
    left join
        shop s1_0 
            on s1_0.id=p1_0.shop_id 
    where
        p1_0.id=?
Hibernate: 
    select
        p1_0.id,
        p1_0.cost,
        p1_0.name,
        p1_0.price,
        s1_0.id,
        s1_0.active,
        s1_0.created_date,
        s1_0.location,
        s1_0.name,
        s1_0.payment_complete,
        s1_0.payment_date,
        s1_0.payment_expiry_date,
        s1_0.payment_number,
        p1_0.stock 
    from
        product p1_0 
    left join
        shop s1_0 
            on s1_0.id=p1_0.shop_id 
    where
        p1_0.id=?
Hibernate: 
    select
        u1_0.id,
        u1_0.password,
        u1_0.role,
        u1_0.shop_id,
        u1_0.username 
    from
        users u1_0 
    where
        u1_0.username=?
Hibernate: 
    select
        s1_0.id,
        s1_0.active,
        s1_0.created_date,
        s1_0.location,
        s1_0.name,
        s1_0.payment_complete,
        s1_0.payment_date,
        s1_0.payment_expiry_date,
        s1_0.payment_number 
    from
        shop s1_0 
    where
        s1_0.id=?
Hibernate: 
    select
        u1_0.id,
        u1_0.password,
        u1_0.role,
        s1_0.id,
        s1_0.active,
        s1_0.created_date,
        s1_0.location,
        s1_0.name,
        s1_0.payment_complete,
        s1_0.payment_date,
        s1_0.payment_expiry_date,
        s1_0.payment_number,
        u1_0.username 
    from
        users u1_0 
    left join
        shop s1_0 
            on s1_0.id=u1_0.shop_id 
    where
        u1_0.id=?
Hibernate: 
    select
        p1_0.id,
        p1_0.cost,
        p1_0.name,
        p1_0.price,
        p1_0.shop_id,
        p1_0.stock 
    from
        product p1_0 
    where
        p1_0.shop_id=?
Hibernate: 
    select
        s1_0.id,
        s1_0.date_time,
        s1_0.product_id,
        s1_0.profit,
        s1_0.quantity,
        s1_0.shop_id,
        s1_0.total 
    from
        sale s1_0 
    where
        s1_0.shop_id=?
Hibernate: 
    select
        s1_0.id,
        s1_0.date_time,
        s1_0.product_id,
        s1_0.profit,
        s1_0.quantity,
        s1_0.shop_id,
        s1_0.total 
    from
        sale s1_0 
    where
        s1_0.date_time>=? 
        and s1_0.date_time<=?
Hibernate: 
    select
        u1_0.id,
        u1_0.password,
        u1_0.role,
        s1_0.id,
        s1_0.active,
        s1_0.created_date,
        s1_0.location,
        s1_0.name,
        s1_0.payment_complete,
        s1_0.payment_date,
        s1_0.payment_expiry_date,
        s1_0.payment_number,
        u1_0.username 
    from
        users u1_0 
    left join
        shop s1_0 
            on s1_0.id=u1_0.shop_id 
    where
        u1_0.id=?
Hibernate: 
    select
        p1_0.id,
        p1_0.cost,
        p1_0.name,
        p1_0.price,
        p1_0.shop_id,
        p1_0.stock 
    from
        product p1_0 
    where
        p1_0.shop_id=?
Hibernate: 
    select
        s1_0.id,
        s1_0.date_time,
        s1_0.product_id,
        s1_0.profit,
        s1_0.quantity,
        s1_0.shop_id,
        s1_0.total 
    from
        sale s1_0 
    where
        s1_0.shop_id=?
Hibernate: 
    select
        s1_0.id,
        s1_0.date_time,
        s1_0.product_id,
        s1_0.profit,
        s1_0.quantity,
        s1_0.shop_id,
        s1_0.total 
    from
        sale s1_0 
    where
        s1_0.date_time>=? 
        and s1_0.date_time<=?
Hibernate: 
    select
        u1_0.id,
        u1_0.password,
        u1_0.role,
        s1_0.id,
        s1_0.active,
        s1_0.created_date,
        s1_0.location,
        s1_0.name,
        s1_0.payment_complete,
        s1_0.payment_date,
        s1_0.payment_expiry_date,
        s1_0.payment_number,
        u1_0.username 
    from
        users u1_0 
    left join
        shop s1_0 
            on s1_0.id=u1_0.shop_id 
    where
        u1_0.id=?
Hibernate: 
    select
        p1_0.id,
        p1_0.cost,
        p1_0.name,
        p1_0.price,
        p1_0.shop_id,
        p1_0.stock 
    from
        product p1_0 
    where
        p1_0.shop_id=?
Hibernate: 
    select
        s1_0.id,
        s1_0.date_time,
        s1_0.product_id,
        s1_0.profit,
        s1_0.quantity,
        s1_0.shop_id,
        s1_0.total 
    from
        sale s1_0 
    where
        s1_0.shop_id=?
Hibernate: 
    select
        s1_0.id,
        s1_0.date_time,
        s1_0.product_id,
        s1_0.profit,
        s1_0.quantity,
        s1_0.shop_id,
        s1_0.total 
    from
        sale s1_0 
    where
        s1_0.date_time>=? 
        and s1_0.date_time<=?
Hibernate: 
    select
        u1_0.id,
        u1_0.password,
        u1_0.role,
        s1_0.id,
        s1_0.active,
        s1_0.created_date,
        s1_0.location,
        s1_0.name,
        s1_0.payment_complete,
        s1_0.payment_date,
        s1_0.payment_expiry_date,
        s1_0.payment_number,
        u1_0.username 
    from
        users u1_0 
    left join
        shop s1_0 
            on s1_0.id=u1_0.shop_id 
    where
        u1_0.id=?
Hibernate: 
    select
        p1_0.id,
        p1_0.cost,
        p1_0.name,
        p1_0.price,
        p1_0.shop_id,
        p1_0.stock 
    from
        product p1_0 
    where
        p1_0.shop_id=?
Hibernate: 
    select
        s1_0.id,
        s1_0.date_time,
        s1_0.product_id,
        s1_0.profit,
        s1_0.quantity,
        s1_0.shop_id,
        s1_0.total 
    from
        sale s1_0 
    where
        s1_0.shop_id=?
Hibernate: 
    select
        s1_0.id,
        s1_0.date_time,
        s1_0.product_id,
        s1_0.profit,
        s1_0.quantity,
        s1_0.shop_id,
        s1_0.total 
    from
        sale s1_0 
    where
        s1_0.date_time>=? 
        and s1_0.date_time<=?
Hibernate: 
    select
        u1_0.id,
        u1_0.password,
        u1_0.role,
        u1_0.shop_id,
        u1_0.username 
    from
        users u1_0 
    where
        u1_0.username=?
Hibernate: 
    select
        u1_0.id,
        u1_0.password,
        u1_0.role,
        u1_0.shop_id,
        u1_0.username 
    from
        users u1_0 
    where
        u1_0.username=?
Hibernate: 
    select
        u1_0.id,
        u1_0.password,
        u1_0.role,
        u1_0.shop_id,
        u1_0.username 
    from
        users u1_0 
    where
        u1_0.username=?
Hibernate: 
    select
        s1_0.id,
        s1_0.active,
        s1_0.created_date,
        s1_0.location,
        s1_0.name,
        s1_0.payment_complete,
        s1_0.payment_date,
        s1_0.payment_expiry_date,
        s1_0.payment_number 
    from
        shop s1_0
Hibernate: 
    select
        u1_0.id,
        u1_0.password,
        u1_0.role,
        u1_0.shop_id,
        u1_0.username 
    from
        users u1_0
Hibernate: 
    select
        s1_0.id,
        s1_0.date_time,
        s1_0.product_id,
        s1_0.profit,
        s1_0.quantity,
        s1_0.shop_id,
        s1_0.total 
    from
        sale s1_0
Hibernate: 
    select
        p1_0.id,
        p1_0.cost,
        p1_0.name,
        p1_0.price,
        s1_0.id,
        s1_0.active,
        s1_0.created_date,
        s1_0.location,
        s1_0.name,
        s1_0.payment_complete,
        s1_0.payment_date,
        s1_0.payment_expiry_date,
        s1_0.payment_number,
        p1_0.stock 
    from
        product p1_0 
    left join
        shop s1_0 
            on s1_0.id=p1_0.shop_id 
    where
        p1_0.id=?
Hibernate: 
    select
        p1_0.id,
        p1_0.cost,
        p1_0.name,
        p1_0.price,
        s1_0.id,
        s1_0.active,
        s1_0.created_date,
        s1_0.location,
        s1_0.name,
        s1_0.payment_complete,
        s1_0.payment_date,
        s1_0.payment_expiry_date,
        s1_0.payment_number,
        p1_0.stock 
    from
        product p1_0 
    left join
        shop s1_0 
            on s1_0.id=p1_0.shop_id 
    where
        p1_0.id=?
Hibernate: 
    select
        p1_0.id,
        p1_0.cost,
        p1_0.name,
        p1_0.price,
        s1_0.id,
        s1_0.active,
        s1_0.created_date,
        s1_0.location,
        s1_0.name,
        s1_0.payment_complete,
        s1_0.payment_date,
        s1_0.payment_expiry_date,
        s1_0.payment_number,
        p1_0.stock 
    from
        product p1_0 
    left join
        shop s1_0 
            on s1_0.id=p1_0.shop_id 
    where
        p1_0.id=?
Hibernate: 
    select
        p1_0.id,
        p1_0.cost,
        p1_0.name,
        p1_0.price,
        s1_0.id,
        s1_0.active,
        s1_0.created_date,
        s1_0.location,
        s1_0.name,
        s1_0.payment_complete,
        s1_0.payment_date,
        s1_0.payment_expiry_date,
        s1_0.payment_number,
        p1_0.stock 
    from
        product p1_0 
    left join
        shop s1_0 
            on s1_0.id=p1_0.shop_id 
    where
        p1_0.id=?
Hibernate: 
    select
        s1_0.id 
    from
        shop s1_0 
    where
        s1_0.name=? 
    fetch
        first ? rows only
Hibernate: 
    select
        u1_0.id,
        u1_0.password,
        u1_0.role,
        u1_0.shop_id,
        u1_0.username 
    from
        users u1_0 
    where
        u1_0.username=?
Hibernate: 
    insert 
    into
        shop
        (active, created_date, location, name, payment_complete, payment_date, payment_expiry_date, payment_number) 
    values
        (?, ?, ?, ?, ?, ?, ?, ?)
Hibernate: 
    insert 
    into
        users
        (password, role, shop_id, username) 
    values
        (?, ?, ?, ?)
Hibernate: 
    select
        s1_0.id,
        s1_0.active,
        s1_0.created_date,
        s1_0.location,
        s1_0.name,
        s1_0.payment_complete,
        s1_0.payment_date,
        s1_0.payment_expiry_date,
        s1_0.payment_number 
    from
        shop s1_0
Hibernate: 
    select
        u1_0.id,
        u1_0.password,
        u1_0.role,
        u1_0.shop_id,
        u1_0.username 
    from
        users u1_0
Hibernate: 
    select
        s1_0.id,
        s1_0.date_time,
        s1_0.product_id,
        s1_0.profit,
        s1_0.quantity,
        s1_0.shop_id,
        s1_0.total 
    from
        sale s1_0
Hibernate: 
    select
        p1_0.id,
        p1_0.cost,
        p1_0.name,
        p1_0.price,
        s1_0.id,
        s1_0.active,
        s1_0.created_date,
        s1_0.location,
        s1_0.name,
        s1_0.payment_complete,
        s1_0.payment_date,
        s1_0.payment_expiry_date,
        s1_0.payment_number,
        p1_0.stock 
    from
        product p1_0 
    left join
        shop s1_0 
            on s1_0.id=p1_0.shop_id 
    where
        p1_0.id=?
Hibernate: 
    select
        p1_0.id,
        p1_0.cost,
        p1_0.name,
        p1_0.price,
        s1_0.id,
        s1_0.active,
        s1_0.created_date,
        s1_0.location,
        s1_0.name,
        s1_0.payment_complete,
        s1_0.payment_date,
        s1_0.payment_expiry_date,
        s1_0.payment_number,
        p1_0.stock 
    from
        product p1_0 
    left join
        shop s1_0 
            on s1_0.id=p1_0.shop_id 
    where
        p1_0.id=?
Hibernate: 
    select
        p1_0.id,
        p1_0.cost,
        p1_0.name,
        p1_0.price,
        s1_0.id,
        s1_0.active,
        s1_0.created_date,
        s1_0.location,
        s1_0.name,
        s1_0.payment_complete,
        s1_0.payment_date,
        s1_0.payment_expiry_date,
        s1_0.payment_number,
        p1_0.stock 
    from
        product p1_0 
    left join
        shop s1_0 
            on s1_0.id=p1_0.shop_id 
    where
        p1_0.id=?
Hibernate: 
    select
        p1_0.id,
        p1_0.cost,
        p1_0.name,
        p1_0.price,
        s1_0.id,
        s1_0.active,
        s1_0.created_date,
        s1_0.location,
        s1_0.name,
        s1_0.payment_complete,
        s1_0.payment_date,
        s1_0.payment_expiry_date,
        s1_0.payment_number,
        p1_0.stock 
    from
        product p1_0 
    left join
        shop s1_0 
            on s1_0.id=p1_0.shop_id 
    where
        p1_0.id=?
Hibernate: 
    select
        u1_0.id,
        u1_0.password,
        u1_0.role,
        u1_0.shop_id,
        u1_0.username 
    from
        users u1_0 
    where
        u1_0.username=?
Hibernate: 
    select
        s1_0.id,
        s1_0.active,
        s1_0.created_date,
        s1_0.location,
        s1_0.name,
        s1_0.payment_complete,
        s1_0.payment_date,
        s1_0.payment_expiry_date,
        s1_0.payment_number 
    from
        shop s1_0 
    where
        s1_0.id=?
Hibernate: 
    insert 
    into
        users
        (password, role, shop_id, username) 
    values
        (?, ?, ?, ?)
Hibernate: 
    select
        s1_0.id,
        s1_0.active,
        s1_0.created_date,
        s1_0.location,
        s1_0.name,
        s1_0.payment_complete,
        s1_0.payment_date,
        s1_0.payment_expiry_date,
        s1_0.payment_number 
    from
        shop s1_0
Hibernate: 
    select
        u1_0.id,
        u1_0.password,
        u1_0.role,
        u1_0.shop_id,
        u1_0.username 
    from
        users u1_0
Hibernate: 
    select
        s1_0.id,
        s1_0.date_time,
        s1_0.product_id,
        s1_0.profit,
        s1_0.quantity,
        s1_0.shop_id,
        s1_0.total 
    from
        sale s1_0
Hibernate: 
    select
        p1_0.id,
        p1_0.cost,
        p1_0.name,
        p1_0.price,
        s1_0.id,
        s1_0.active,
        s1_0.created_date,
        s1_0.location,
        s1_0.name,
        s1_0.payment_complete,
        s1_0.payment_date,
        s1_0.payment_expiry_date,
        s1_0.payment_number,
        p1_0.stock 
    from
        product p1_0 
    left join
        shop s1_0 
            on s1_0.id=p1_0.shop_id 
    where
        p1_0.id=?
Hibernate: 
    select
        p1_0.id,
        p1_0.cost,
        p1_0.name,
        p1_0.price,
        s1_0.id,
        s1_0.active,
        s1_0.created_date,
        s1_0.location,
        s1_0.name,
        s1_0.payment_complete,
        s1_0.payment_date,
        s1_0.payment_expiry_date,
        s1_0.payment_number,
        p1_0.stock 
    from
        product p1_0 
    left join
        shop s1_0 
            on s1_0.id=p1_0.shop_id 
    where
        p1_0.id=?
Hibernate: 
    select
        p1_0.id,
        p1_0.cost,
        p1_0.name,
        p1_0.price,
        s1_0.id,
        s1_0.active,
        s1_0.created_date,
        s1_0.location,
        s1_0.name,
        s1_0.payment_complete,
        s1_0.payment_date,
        s1_0.payment_expiry_date,
        s1_0.payment_number,
        p1_0.stock 
    from
        product p1_0 
    left join
        shop s1_0 
            on s1_0.id=p1_0.shop_id 
    where
        p1_0.id=?
Hibernate: 
    select
        p1_0.id,
        p1_0.cost,
        p1_0.name,
        p1_0.price,
        s1_0.id,
        s1_0.active,
        s1_0.created_date,
        s1_0.location,
        s1_0.name,
        s1_0.payment_complete,
        s1_0.payment_date,
        s1_0.payment_expiry_date,
        s1_0.payment_number,
        p1_0.stock 
    from
        product p1_0 
    left join
        shop s1_0 
            on s1_0.id=p1_0.shop_id 
    where
        p1_0.id=?
Hibernate: 
    select
        u1_0.id,
        u1_0.password,
        u1_0.role,
        u1_0.shop_id,
        u1_0.username 
    from
        users u1_0 
    where
        u1_0.username=?
Hibernate: 
    select
        u1_0.id,
        u1_0.password,
        u1_0.role,
        u1_0.shop_id,
        u1_0.username 
    from
        users u1_0 
    where
        u1_0.username=?
Hibernate: 
    select
        s1_0.id,
        s1_0.active,
        s1_0.created_date,
        s1_0.location,
        s1_0.name,
        s1_0.payment_complete,
        s1_0.payment_date,
        s1_0.payment_expiry_date,
        s1_0.payment_number 
    from
        shop s1_0 
    where
        s1_0.id=?
Hibernate: 
    select
        u1_0.id,
        u1_0.password,
        u1_0.role,
        s1_0.id,
        s1_0.active,
        s1_0.created_date,
        s1_0.location,
        s1_0.name,
        s1_0.payment_complete,
        s1_0.payment_date,
        s1_0.payment_expiry_date,
        s1_0.payment_number,
        u1_0.username 
    from
        users u1_0 
    left join
        shop s1_0 
            on s1_0.id=u1_0.shop_id 
    where
        u1_0.id=?
Hibernate: 
    select
        p1_0.id,
        p1_0.cost,
        p1_0.name,
        p1_0.price,
        p1_0.shop_id,
        p1_0.stock 
    from
        product p1_0 
    where
        p1_0.shop_id=?
Hibernate: 
    select
        s1_0.id,
        s1_0.date_time,
        s1_0.product_id,
        s1_0.profit,
        s1_0.quantity,
        s1_0.shop_id,
        s1_0.total 
    from
        sale s1_0 
    where
        s1_0.shop_id=?
Hibernate: 
    select
        s1_0.id,
        s1_0.date_time,
        s1_0.product_id,
        s1_0.profit,
        s1_0.quantity,
        s1_0.shop_id,
        s1_0.total 
    from
        sale s1_0 
    where
        s1_0.date_time>=? 
        and s1_0.date_time<=?
Hibernate: 
    select
        p1_0.id,
        p1_0.cost,
        p1_0.name,
        p1_0.price,
        s1_0.id,
        s1_0.active,
        s1_0.created_date,
        s1_0.location,
        s1_0.name,
        s1_0.payment_complete,
        s1_0.payment_date,
        s1_0.payment_expiry_date,
        s1_0.payment_number,
        p1_0.stock 
    from
        product p1_0 
    left join
        shop s1_0 
            on s1_0.id=p1_0.shop_id 
    where
        p1_0.id=?
Hibernate: 
    select
        p1_0.id,
        p1_0.cost,
        p1_0.name,
        p1_0.price,
        s1_0.id,
        s1_0.active,
        s1_0.created_date,
        s1_0.location,
        s1_0.name,
        s1_0.payment_complete,
        s1_0.payment_date,
        s1_0.payment_expiry_date,
        s1_0.payment_number,
        p1_0.stock 
    from
        product p1_0 
    left join
        shop s1_0 
            on s1_0.id=p1_0.shop_id 
    where
        p1_0.id=?
Hibernate: 
    select
        p1_0.id,
        p1_0.cost,
        p1_0.name,
        p1_0.price,
        s1_0.id,
        s1_0.active,
        s1_0.created_date,
        s1_0.location,
        s1_0.name,
        s1_0.payment_complete,
        s1_0.payment_date,
        s1_0.payment_expiry_date,
        s1_0.payment_number,
        p1_0.stock 
    from
        product p1_0 
    left join
        shop s1_0 
            on s1_0.id=p1_0.shop_id 
    where
        p1_0.id=?
Hibernate: 
    select
        p1_0.id,
        p1_0.cost,
        p1_0.name,
        p1_0.price,
        s1_0.id,
        s1_0.active,
        s1_0.created_date,
        s1_0.location,
        s1_0.name,
        s1_0.payment_complete,
        s1_0.payment_date,
        s1_0.payment_expiry_date,
        s1_0.payment_number,
        p1_0.stock 
    from
        product p1_0 
    left join
        shop s1_0 
            on s1_0.id=p1_0.shop_id 
    where
        p1_0.id=?
Hibernate: 
    select
        u1_0.id,
        u1_0.password,
        u1_0.role,
        s1_0.id,
        s1_0.active,
        s1_0.created_date,
        s1_0.location,
        s1_0.name,
        s1_0.payment_complete,
        s1_0.payment_date,
        s1_0.payment_expiry_date,
        s1_0.payment_number,
        u1_0.username 
    from
        users u1_0 
    left join
        shop s1_0 
            on s1_0.id=u1_0.shop_id 
    where
        u1_0.id=?
Hibernate: 
    select
        u1_0.id,
        u1_0.password,
        u1_0.role,
        s1_0.id,
        s1_0.active,
        s1_0.created_date,
        s1_0.location,
        s1_0.name,
        s1_0.payment_complete,
        s1_0.payment_date,
        s1_0.payment_expiry_date,
        s1_0.payment_number,
        u1_0.username 
    from
        users u1_0 
    left join
        shop s1_0 
            on s1_0.id=u1_0.shop_id 
    where
        u1_0.id=?
Hibernate: 
    select
        p1_0.id,
        p1_0.cost,
        p1_0.name,
        p1_0.price,
        p1_0.shop_id,
        p1_0.stock 
    from
        product p1_0 
    where
        p1_0.shop_id=?
Hibernate: 
    select
        s1_0.id,
        s1_0.date_time,
        s1_0.product_id,
        s1_0.profit,
        s1_0.quantity,
        s1_0.shop_id,
        s1_0.total 
    from
        sale s1_0 
    where
        s1_0.shop_id=?
Hibernate: 
    select
        s1_0.id,
        s1_0.date_time,
        s1_0.product_id,
        s1_0.profit,
        s1_0.quantity,
        s1_0.shop_id,
        s1_0.total 
    from
        sale s1_0 
    where
        s1_0.date_time>=? 
        and s1_0.date_time<=?
Hibernate: 
    select
        p1_0.id,
        p1_0.cost,
        p1_0.name,
        p1_0.price,
        s1_0.id,
        s1_0.active,
        s1_0.created_date,
        s1_0.location,
        s1_0.name,
        s1_0.payment_complete,
        s1_0.payment_date,
        s1_0.payment_expiry_date,
        s1_0.payment_number,
        p1_0.stock 
    from
        product p1_0 
    left join
        shop s1_0 
            on s1_0.id=p1_0.shop_id 
    where
        p1_0.id=?
Hibernate: 
    select
        p1_0.id,
        p1_0.cost,
        p1_0.name,
        p1_0.price,
        s1_0.id,
        s1_0.active,
        s1_0.created_date,
        s1_0.location,
        s1_0.name,
        s1_0.payment_complete,
        s1_0.payment_date,
        s1_0.payment_expiry_date,
        s1_0.payment_number,
        p1_0.stock 
    from
        product p1_0 
    left join
        shop s1_0 
            on s1_0.id=p1_0.shop_id 
    where
        p1_0.id=?
Hibernate: 
    select
        p1_0.id,
        p1_0.cost,
        p1_0.name,
        p1_0.price,
        s1_0.id,
        s1_0.active,
        s1_0.created_date,
        s1_0.location,
        s1_0.name,
        s1_0.payment_complete,
        s1_0.payment_date,
        s1_0.payment_expiry_date,
        s1_0.payment_number,
        p1_0.stock 
    from
        product p1_0 
    left join
        shop s1_0 
            on s1_0.id=p1_0.shop_id 
    where
        p1_0.id=?
Hibernate: 
    select
        p1_0.id,
        p1_0.cost,
        p1_0.name,
        p1_0.price,
        s1_0.id,
        s1_0.active,
        s1_0.created_date,
        s1_0.location,
        s1_0.name,
        s1_0.payment_complete,
        s1_0.payment_date,
        s1_0.payment_expiry_date,
        s1_0.payment_number,
        p1_0.stock 
    from
        product p1_0 
    left join
        shop s1_0 
            on s1_0.id=p1_0.shop_id 
    where
        p1_0.id=?
