[INFO] Scanning for projects...
[INFO] 
[INFO] -----------------------< com.daniphord:mahanga >------------------------
[INFO] Building  0.0.1-SNAPSHOT
[INFO]   from pom.xml
[INFO] --------------------------------[ jar ]---------------------------------
[INFO] 
[INFO] >>> spring-boot:4.0.3:run (default-cli) > test-compile @ mahanga >>>
[INFO] 
[INFO] --- resources:3.3.1:resources (default-resources) @ mahanga ---
[INFO] Copying 1 resource from src\main\resources to target\classes
[INFO] Copying 15 resources from src\main\resources to target\classes
[INFO] 
[INFO] --- compiler:3.14.1:compile (default-compile) @ mahanga ---
[INFO] Nothing to compile - all classes are up to date.
[INFO] 
[INFO] --- resources:3.3.1:testResources (default-testResources) @ mahanga ---
[INFO] skip non existing resourceDirectory C:\PROJECT\mahanga\src\test\resources
[INFO] 
[INFO] --- compiler:3.14.1:testCompile (default-testCompile) @ mahanga ---
[INFO] Nothing to compile - all classes are up to date.
[INFO] 
[INFO] <<< spring-boot:4.0.3:run (default-cli) < test-compile @ mahanga <<<
[INFO] 
[INFO] 
[INFO] --- spring-boot:4.0.3:run (default-cli) @ mahanga ---
[INFO] Attaching agents: []

  .   ____          _            __ _ _
 /\\ / ___'_ __ _ _(_)_ __  __ _ \ \ \ \
( ( )\___ | '_ | '_| | '_ \/ _` | \ \ \ \
 \\/  ___)| |_)| | | | | || (_| |  ) ) ) )
  '  |____| .__|_| |_|_| |_\__, | / / / /
 =========|_|==============|___/=/_/_/_/

 :: Spring Boot ::                (v4.0.3)

2026-04-03T08:44:26.842-07:00  INFO 16112 --- [mahanga] [           main] com.daniphord.mahanga.Application        : Starting Application using Java 25.0.2 with PID 16112 (C:\PROJECT\mahanga\target\classes started by KINJEKITILE NGWALE in C:\PROJECT\mahanga)
2026-04-03T08:44:26.848-07:00  INFO 16112 --- [mahanga] [           main] com.daniphord.mahanga.Application        : No active profile set, falling back to 1 default profile: "default"
2026-04-03T08:44:28.367-07:00  INFO 16112 --- [mahanga] [           main] .s.d.r.c.RepositoryConfigurationDelegate : Bootstrapping Spring Data JPA repositories in DEFAULT mode.
2026-04-03T08:44:28.484-07:00  INFO 16112 --- [mahanga] [           main] .s.d.r.c.RepositoryConfigurationDelegate : Finished Spring Data repository scanning in 105 ms. Found 4 JPA repository interfaces.
2026-04-03T08:44:29.498-07:00  INFO 16112 --- [mahanga] [           main] o.s.boot.tomcat.TomcatWebServer          : Tomcat initialized with port 51617 (http)
2026-04-03T08:44:29.522-07:00  INFO 16112 --- [mahanga] [           main] o.apache.catalina.core.StandardService   : Starting service [Tomcat]
2026-04-03T08:44:29.522-07:00  INFO 16112 --- [mahanga] [           main] o.apache.catalina.core.StandardEngine    : Starting Servlet engine: [Apache Tomcat/11.0.18]
2026-04-03T08:44:29.637-07:00  INFO 16112 --- [mahanga] [           main] b.w.c.s.WebApplicationContextInitializer : Root WebApplicationContext: initialization completed in 2688 ms
2026-04-03T08:44:29.929-07:00  INFO 16112 --- [mahanga] [           main] org.hibernate.orm.jpa                    : HHH008540: Processing PersistenceUnitInfo [name: default]
2026-04-03T08:44:30.048-07:00  INFO 16112 --- [mahanga] [           main] org.hibernate.orm.core                   : HHH000001: Hibernate ORM core version 7.2.4.Final
2026-04-03T08:44:30.874-07:00  INFO 16112 --- [mahanga] [           main] o.s.o.j.p.SpringPersistenceUnitInfo      : No LoadTimeWeaver setup: ignoring JPA class transformer
2026-04-03T08:44:30.924-07:00  INFO 16112 --- [mahanga] [           main] com.zaxxer.hikari.HikariDataSource       : HikariPool-1 - Starting...
2026-04-03T08:44:31.285-07:00  INFO 16112 --- [mahanga] [           main] com.zaxxer.hikari.pool.HikariPool        : HikariPool-1 - Added connection org.postgresql.jdbc.PgConnection@236a4d30
2026-04-03T08:44:31.288-07:00  INFO 16112 --- [mahanga] [           main] com.zaxxer.hikari.HikariDataSource       : HikariPool-1 - Start completed.
2026-04-03T08:44:31.451-07:00  INFO 16112 --- [mahanga] [           main] org.hibernate.orm.connections.pooling    : HHH10001005: Database info:
	Database JDBC URL [jdbc:postgresql://localhost:5432/shop]
	Database driver: PostgreSQL JDBC Driver
	Database dialect: PostgreSQLDialect
	Database version: 18.3
	Default catalog/schema: shop/public
	Autocommit mode: undefined/unknown
	Isolation level: READ_COMMITTED [default READ_COMMITTED]
	JDBC fetch size: none
	Pool: DataSourceConnectionProvider
	Minimum pool size: undefined/unknown
	Maximum pool size: undefined/unknown
2026-04-03T08:44:33.656-07:00  INFO 16112 --- [mahanga] [           main] org.hibernate.orm.core                   : HHH000489: No JTA platform available (set 'hibernate.transaction.jta.platform' to enable JTA platform integration)
Hibernate: 
    alter table if exists sale 
       add column unit_cost float(53)
Hibernate: 
    alter table if exists sale 
       add column unit_price float(53)
Hibernate: 
    alter table if exists shop 
       add column loan_balance float(53)
Hibernate: 
    alter table if exists shop 
       add column manually_marked_unpaid boolean
2026-04-03T08:44:33.829-07:00  INFO 16112 --- [mahanga] [           main] j.LocalContainerEntityManagerFactoryBean : Initialized JPA EntityManagerFactory for persistence unit 'default'
2026-04-03T08:44:33.955-07:00  INFO 16112 --- [mahanga] [           main] o.s.d.j.r.query.QueryEnhancerFactories   : Hibernate is in classpath; If applicable, HQL parser will be used.
2026-04-03T08:44:35.276-07:00  WARN 16112 --- [mahanga] [           main] JpaBaseConfiguration$JpaWebConfiguration : spring.jpa.open-in-view is enabled by default. Therefore, database queries may be performed during view rendering. Explicitly configure spring.jpa.open-in-view to disable this warning
2026-04-03T08:44:35.398-07:00  WARN 16112 --- [mahanga] [           main] .s.a.UserDetailsServiceAutoConfiguration : 

Using generated security password: 9b1b69ed-4523-44fa-89c5-98214eaea40f

This generated password is for development use only. Your security configuration must be updated before running your application in production.

2026-04-03T08:44:35.409-07:00  INFO 16112 --- [mahanga] [           main] r$InitializeUserDetailsManagerConfigurer : Global AuthenticationManager configured with UserDetailsService bean with name inMemoryUserDetailsManager
2026-04-03T08:44:36.126-07:00  WARN 16112 --- [mahanga] [           main] ConfigServletWebServerApplicationContext : Exception encountered during context initialization - cancelling refresh attempt: org.springframework.context.ApplicationContextException: Failed to start bean 'webServerStartStop'
2026-04-03T08:44:36.129-07:00  INFO 16112 --- [mahanga] [           main] j.LocalContainerEntityManagerFactoryBean : Closing JPA EntityManagerFactory for persistence unit 'default'
2026-04-03T08:44:36.131-07:00  INFO 16112 --- [mahanga] [           main] com.zaxxer.hikari.HikariDataSource       : HikariPool-1 - Shutdown initiated...
2026-04-03T08:44:36.148-07:00  INFO 16112 --- [mahanga] [           main] com.zaxxer.hikari.HikariDataSource       : HikariPool-1 - Shutdown completed.
2026-04-03T08:44:36.177-07:00  INFO 16112 --- [mahanga] [           main] .s.b.a.l.ConditionEvaluationReportLogger : 

Error starting ApplicationContext. To display the condition evaluation report re-run your application with 'debug' enabled.
2026-04-03T08:44:36.196-07:00 ERROR 16112 --- [mahanga] [           main] o.s.b.d.LoggingFailureAnalysisReporter   : 

***************************
APPLICATION FAILED TO START
***************************

Description:

Web server failed to start. Port 51617 was already in use.

Action:

Identify and stop the process that's listening on port 51617 or configure this application to listen on another port.

[INFO] ------------------------------------------------------------------------
[INFO] BUILD FAILURE
[INFO] ------------------------------------------------------------------------
[INFO] Total time:  16.366 s
[INFO] Finished at: 2026-04-03T08:44:36-07:00
[INFO] ------------------------------------------------------------------------
[ERROR] Failed to execute goal org.springframework.boot:spring-boot-maven-plugin:4.0.3:run (default-cli) on project mahanga: Process terminated with exit code: 1 -> [Help 1]
[ERROR] 
[ERROR] To see the full stack trace of the errors, re-run Maven with the -e switch.
[ERROR] Re-run Maven using the -X switch to enable full debug logging.
[ERROR] 
[ERROR] For more information about the errors and possible solutions, please read the following articles:
[ERROR] [Help 1] http://cwiki.apache.org/confluence/display/MAVEN/MojoExecutionException
