[INFO] Scanning for projects...
[INFO] 
[INFO] -------------< com.daniphord.mahanga:pdf-dashboard-system >-------------
[INFO] Building PDF Dashboard System 1.0.0
[INFO]   from pom.xml
[INFO] --------------------------------[ jar ]---------------------------------
[INFO] 
[INFO] >>> spring-boot:3.2.5:run (default-cli) > test-compile @ pdf-dashboard-system >>>
[WARNING] The artifact com.itextpdf:itext7-core:pom:8.0.2 has been relocated to com.itextpdf:itext-core:pom:8.0.2
[INFO] 
[INFO] --- resources:3.3.1:resources (default-resources) @ pdf-dashboard-system ---
[INFO] Copying 1 resource from src\main\resources to target\classes
[INFO] Copying 21 resources from src\main\resources to target\classes
[INFO] 
[INFO] --- compiler:3.11.0:compile (default-compile) @ pdf-dashboard-system ---
[INFO] Nothing to compile - all classes are up to date
[INFO] 
[INFO] --- resources:3.3.1:testResources (default-testResources) @ pdf-dashboard-system ---
[INFO] Copying 1 resource from src\test\resources to target\test-classes
[INFO] 
[INFO] --- compiler:3.11.0:testCompile (default-testCompile) @ pdf-dashboard-system ---
[INFO] Nothing to compile - all classes are up to date
[INFO] 
[INFO] <<< spring-boot:3.2.5:run (default-cli) < test-compile @ pdf-dashboard-system <<<
[INFO] 
[INFO] 
[INFO] --- spring-boot:3.2.5:run (default-cli) @ pdf-dashboard-system ---
[INFO] Attaching agents: []

  .   ____          _            __ _ _
 /\\ / ___'_ __ _ _(_)_ __  __ _ \ \ \ \
( ( )\___ | '_ | '_| | '_ \/ _` | \ \ \ \
 \\/  ___)| |_)| | | | | || (_| |  ) ) ) )
  '  |____| .__|_| |_|_| |_\__, | / / / /
 =========|_|==============|___/=/_/_/_/
 :: Spring Boot ::                (v3.2.5)

2026-04-24T02:33:13.401-07:00  INFO 9948 --- [operation-system] [           main] com.daniphord.mahanga.Application        : Starting Application using Java 21.0.10 with PID 9948 (C:\PROJECT\operation\target\classes started by KINJEKITILE NGWALE in C:\PROJECT\operation)
2026-04-24T02:33:13.408-07:00  INFO 9948 --- [operation-system] [           main] com.daniphord.mahanga.Application        : No active profile set, falling back to 1 default profile: "default"
2026-04-24T02:33:16.157-07:00  INFO 9948 --- [operation-system] [           main] .s.d.r.c.RepositoryConfigurationDelegate : Bootstrapping Spring Data JPA repositories in DEFAULT mode.
2026-04-24T02:33:16.437-07:00  INFO 9948 --- [operation-system] [           main] .s.d.r.c.RepositoryConfigurationDelegate : Finished Spring Data repository scanning in 264 ms. Found 27 JPA repository interfaces.
2026-04-24T02:33:18.455-07:00  INFO 9948 --- [operation-system] [           main] o.s.b.w.embedded.tomcat.TomcatWebServer  : Tomcat initialized with port 8080 (http)
2026-04-24T02:33:18.479-07:00  INFO 9948 --- [operation-system] [           main] o.apache.catalina.core.StandardService   : Starting service [Tomcat]
2026-04-24T02:33:18.479-07:00  INFO 9948 --- [operation-system] [           main] o.apache.catalina.core.StandardEngine    : Starting Servlet engine: [Apache Tomcat/10.1.20]
2026-04-24T02:33:18.643-07:00  INFO 9948 --- [operation-system] [           main] o.a.c.c.C.[Tomcat].[localhost].[/]       : Initializing Spring embedded WebApplicationContext
2026-04-24T02:33:18.645-07:00  INFO 9948 --- [operation-system] [           main] w.s.c.ServletWebServerApplicationContext : Root WebApplicationContext: initialization completed in 5118 ms
2026-04-24T02:33:19.459-07:00  INFO 9948 --- [operation-system] [           main] o.hibernate.jpa.internal.util.LogHelper  : HHH000204: Processing PersistenceUnitInfo [name: default]
2026-04-24T02:33:19.626-07:00  INFO 9948 --- [operation-system] [           main] org.hibernate.Version                    : HHH000412: Hibernate ORM core version 6.4.4.Final
2026-04-24T02:33:19.713-07:00  INFO 9948 --- [operation-system] [           main] o.h.c.internal.RegionFactoryInitiator    : HHH000026: Second-level cache disabled
2026-04-24T02:33:20.300-07:00  INFO 9948 --- [operation-system] [           main] o.s.o.j.p.SpringPersistenceUnitInfo      : No LoadTimeWeaver setup: ignoring JPA class transformer
2026-04-24T02:33:20.367-07:00  INFO 9948 --- [operation-system] [           main] com.zaxxer.hikari.HikariDataSource       : HikariPool-1 - Starting...
2026-04-24T02:33:20.753-07:00  INFO 9948 --- [operation-system] [           main] com.zaxxer.hikari.pool.HikariPool        : HikariPool-1 - Added connection org.postgresql.jdbc.PgConnection@154f8280
2026-04-24T02:33:20.757-07:00  INFO 9948 --- [operation-system] [           main] com.zaxxer.hikari.HikariDataSource       : HikariPool-1 - Start completed.
2026-04-24T02:33:20.845-07:00  WARN 9948 --- [operation-system] [           main] org.hibernate.orm.deprecation            : HHH90000025: PostgreSQLDialect does not need to be specified explicitly using 'hibernate.dialect' (remove the property setting and it will be selected by default)
2026-04-24T02:33:20.909-07:00 DEBUG 9948 --- [operation-system] [           main] o.h.t.d.sql.spi.DdlTypeRegistry          : addDescriptor(2003, org.hibernate.type.descriptor.sql.internal.ArrayDdlTypeImpl@24ac6fef) replaced previous registration(org.hibernate.type.descriptor.sql.internal.ArrayDdlTypeImpl@3cb49121)
2026-04-24T02:33:20.909-07:00 DEBUG 9948 --- [operation-system] [           main] o.h.t.d.sql.spi.DdlTypeRegistry          : addDescriptor(6, org.hibernate.type.descriptor.sql.internal.CapacityDependentDdlType@227b9277) replaced previous registration(org.hibernate.type.descriptor.sql.internal.DdlTypeImpl@4c4215d7)
2026-04-24T02:33:25.540-07:00  INFO 9948 --- [operation-system] [           main] o.h.e.t.j.p.i.JtaPlatformInitiator       : HHH000489: No JTA platform available (set 'hibernate.transaction.jta.platform' to enable JTA platform integration)
2026-04-24T02:33:26.624-07:00  INFO 9948 --- [operation-system] [           main] j.LocalContainerEntityManagerFactoryBean : Initialized JPA EntityManagerFactory for persistence unit 'default'
2026-04-24T02:33:30.372-07:00  WARN 9948 --- [operation-system] [           main] .s.s.UserDetailsServiceAutoConfiguration : 

Using generated security password: 95050774-df21-49c5-b022-91a5d3f68889

This generated password is for development use only. Your security configuration must be updated before running your application in production.

2026-04-24T02:33:31.408-07:00  INFO 9948 --- [operation-system] [           main] o.s.b.a.e.web.EndpointLinksResolver      : Exposing 1 endpoint(s) beneath base path '/actuator'
2026-04-24T02:33:31.643-07:00  INFO 9948 --- [operation-system] [           main] o.s.s.web.DefaultSecurityFilterChain     : Will secure any request with [org.springframework.security.web.session.DisableEncodeUrlFilter@6d26b068, org.springframework.security.web.context.request.async.WebAsyncManagerIntegrationFilter@50931911, org.springframework.security.web.context.SecurityContextHolderFilter@68a1906f, org.springframework.security.web.header.HeaderWriterFilter@a93c88a, org.springframework.web.filter.CorsFilter@29b21fa6, org.springframework.security.web.csrf.CsrfFilter@19e3ce9a, org.springframework.security.web.authentication.logout.LogoutFilter@6fa84885, com.daniphord.mahanga.Config.SecurityConfig$1@a21c74, org.springframework.security.web.session.ConcurrentSessionFilter@125c1134, org.springframework.security.web.savedrequest.RequestCacheAwareFilter@66a5f996, org.springframework.security.web.servletapi.SecurityContextHolderAwareRequestFilter@70f446c, org.springframework.security.web.authentication.AnonymousAuthenticationFilter@4159c66d, org.springframework.security.web.session.SessionManagementFilter@a72bb34, org.springframework.security.web.access.ExceptionTranslationFilter@6a225642, org.springframework.security.web.access.intercept.AuthorizationFilter@3f4b9792]
2026-04-24T02:33:33.195-07:00  WARN 9948 --- [operation-system] [           main] ConfigServletWebServerApplicationContext : Exception encountered during context initialization - cancelling refresh attempt: org.springframework.context.ApplicationContextException: Failed to start bean 'webServerStartStop'
2026-04-24T02:33:33.215-07:00  INFO 9948 --- [operation-system] [           main] j.LocalContainerEntityManagerFactoryBean : Closing JPA EntityManagerFactory for persistence unit 'default'
2026-04-24T02:33:33.224-07:00  INFO 9948 --- [operation-system] [           main] com.zaxxer.hikari.HikariDataSource       : HikariPool-1 - Shutdown initiated...
2026-04-24T02:33:33.259-07:00  INFO 9948 --- [operation-system] [           main] com.zaxxer.hikari.HikariDataSource       : HikariPool-1 - Shutdown completed.
2026-04-24T02:33:33.326-07:00  INFO 9948 --- [operation-system] [           main] .s.b.a.l.ConditionEvaluationReportLogger : 

Error starting ApplicationContext. To display the condition evaluation report re-run your application with 'debug' enabled.
2026-04-24T02:33:33.379-07:00 ERROR 9948 --- [operation-system] [           main] o.s.b.d.LoggingFailureAnalysisReporter   : 

***************************
APPLICATION FAILED TO START
***************************

Description:

Web server failed to start. Port 8080 was already in use.

Action:

Identify and stop the process that's listening on port 8080 or configure this application to listen on another port.

[INFO] ------------------------------------------------------------------------
[INFO] BUILD FAILURE
[INFO] ------------------------------------------------------------------------
[INFO] Total time:  33.399 s
[INFO] Finished at: 2026-04-24T02:33:33-07:00
[INFO] ------------------------------------------------------------------------
[ERROR] Failed to execute goal org.springframework.boot:spring-boot-maven-plugin:3.2.5:run (default-cli) on project pdf-dashboard-system: Process terminated with exit code: 1 -> [Help 1]
[ERROR] 
[ERROR] To see the full stack trace of the errors, re-run Maven with the -e switch.
[ERROR] Re-run Maven using the -X switch to enable full debug logging.
[ERROR] 
[ERROR] For more information about the errors and possible solutions, please read the following articles:
[ERROR] [Help 1] http://cwiki.apache.org/confluence/display/MAVEN/MojoExecutionException
